
[Diagnostic] Script loaded. Bypassing OS buffer...
[Diagnostic] Directories verified. Loading config space...
[Diagnostic] Initializing DEHB optimizer... (If the script freezes here, it is an NFS/Dask network block)

============================================================
BASE POMP HPO STARTING... (Ctrl+C to stop and get results)
============================================================

>>> [BASE Trial 1ca06ef3] Starting Fidelity: 16,666,666 steps
>>> [BASE Trial 1ca06ef3] Finished. Rew: 5.05 | Len: 89.5 | Fitness: -22.9437
[TorchSnakeVecEnv] Reusing cached env on cuda

>>> [BASE Trial b28ed462] Starting Fidelity: 16,666,666 steps
>>> [BASE Trial b28ed462] Finished. Rew: 7.37 | Len: 127.4 | Fitness: -32.8468
[TorchSnakeVecEnv] Reusing cached env on cuda

>>> [BASE Trial dbedf6ba] Starting Fidelity: 16,666,666 steps
>>> [BASE Trial dbedf6ba] Finished. Rew: -0.07 | Len: 53.6 | Fitness: -10.6490
[TorchSnakeVecEnv] Reusing cached env on cuda

>>> [BASE Trial d84caa1a] Starting Fidelity: 16,666,666 steps
>>> [BASE Trial d84caa1a] Finished. Rew: 8.03 | Len: 114.0 | Fitness: -30.8225
[TorchSnakeVecEnv] Reusing cached env on cuda

>>> [BASE Trial d9ac6d3f] Starting Fidelity: 16,666,666 steps
>>> [BASE Trial d9ac6d3f] Finished. Rew: -3.07 | Len: 36.9 | Fitness: -4.3026
[TorchSnakeVecEnv] Reusing cached env on cuda

>>> [BASE Trial 767b0d40] Starting Fidelity: 16,666,666 steps
>>> [BASE Trial 767b0d40] Finished. Rew: 0.59 | Len: 39.5 | Fitness: -8.4960
[TorchSnakeVecEnv] Reusing cached env on cuda

>>> [BASE Trial 71826ae0] Starting Fidelity: 16,666,666 steps
>>> [BASE Trial 71826ae0] Finished. Rew: 3.44 | Len: 81.0 | Fitness: -19.6399
[TorchSnakeVecEnv] Reusing cached env on cuda

>>> [BASE Trial 572c371c] Starting Fidelity: 16,666,666 steps
>>> [BASE Trial 572c371c] Finished. Rew: 3.32 | Len: 86.3 | Fitness: -20.5808
[TorchSnakeVecEnv] Reusing cached env on cuda

>>> [BASE Trial c1f095bb] Starting Fidelity: 16,666,666 steps
>>> [BASE Trial c1f095bb] Finished. Rew: 12.40 | Len: 122.6 | Fitness: -36.9171
[TorchSnakeVecEnv] Reusing cached env on cuda

>>> [BASE Trial c1f095bb] Starting Fidelity: 50,000,000 steps
>>> [BASE Trial c1f095bb] Finished. Rew: 16.75 | Len: 136.7 | Fitness: -44.0981
[TorchSnakeVecEnv] Reusing cached env on cuda

>>> [BASE Trial b28ed462] Starting Fidelity: 50,000,000 steps
>>> [BASE Trial b28ed462] Finished. Rew: 9.53 | Len: 142.3 | Fitness: -37.9989
[TorchSnakeVecEnv] Reusing cached env on cuda

>>> [BASE Trial d84caa1a] Starting Fidelity: 50,000,000 steps
>>> [BASE Trial d84caa1a] Finished. Rew: 10.17 | Len: 107.6 | Fitness: -31.6868
[TorchSnakeVecEnv] Reusing cached env on cuda

>>> [BASE Trial c1f095bb] Starting Fidelity: 150,000,000 steps
>>> [BASE Trial c1f095bb] Finished. Rew: 25.05 | Len: 192.6 | Fitness: -63.5779
[TorchSnakeVecEnv] Reusing cached env on cuda

>>> [BASE Trial 7f9e867b] Starting Fidelity: 50,000,000 steps
>>> [BASE Trial 7f9e867b] Finished. Rew: 31.76 | Len: 173.5 | Fitness: -66.4529
[TorchSnakeVecEnv] Reusing cached env on cuda

>>> [BASE Trial 27d4502c] Starting Fidelity: 50,000,000 steps
>>> [BASE Trial 27d4502c] Finished. Rew: 17.21 | Len: 138.6 | Fitness: -44.9331
[TorchSnakeVecEnv] Reusing cached env on cuda

>>> [BASE Trial ff73d138] Starting Fidelity: 50,000,000 steps
>>> [BASE Trial ff73d138] Finished. Rew: 6.47 | Len: 104.1 | Fitness: -27.2902
[TorchSnakeVecEnv] Reusing cached env on cuda

>>> [BASE Trial 7f9e867b] Starting Fidelity: 150,000,000 steps
slurmstepd: error: *** JOB 899491 ON speed-38 CANCELLED AT 2026-04-15T00:51:16 DUE TO TIME LIMIT ***
