[System] Global seed securely locked to 0
[Run] Mode: EPIPLEXITY_POMP  |  Reading parameters from: best_epiplexity_params.json
[Run] Device: cuda
[Run] env_backend=torch
Starting from scratch (no checkpoint found)
Starting at step 0 / 200,000,000
Steps remaining: 200,000,000
------------------------------------------------------------
  [ 0.32M / 200M steps]  ep_len:  26.5  reward: -0.951  pi_loss: -0.0093  v_loss: 0.2872  entropy: 1.371  idm_loss: 1.3865  sps: 7,108  ETA: 7.8h
  [ 0.65M / 200M steps]  ep_len:  32.2  reward: -0.973  pi_loss: -0.0096  v_loss: 0.2045  entropy: 1.327  idm_loss: 1.3862  sps: 7,196  ETA: 7.7h
  [ 0.97M / 200M steps]  ep_len:  35.0  reward: -1.283  pi_loss: -0.0069  v_loss: 0.1763  entropy: 1.315  idm_loss: 1.3863  sps: 7,220  ETA: 7.7h
  [ 1.29M / 200M steps]  ep_len:  37.9  reward: -1.233  pi_loss: -0.0133  v_loss: 0.1867  entropy: 1.304  idm_loss: 1.3858  sps: 7,241  ETA: 7.6h
  [ 1.62M / 200M steps]  ep_len:  40.7  reward: -1.122  pi_loss: -0.0141  v_loss: 0.2181  entropy: 1.297  idm_loss: 1.3857  sps: 7,261  ETA: 7.6h
  [ 1.96M / 200M steps]  ep_len:  33.0  reward: -0.758  pi_loss: -0.0165  v_loss: 0.2598  entropy: 1.279  idm_loss: 1.3860  sps: 7,274  ETA: 7.6h
  [Plot] Saved → training_plots/epi_pomp_step_002M.png
  [ 2.28M / 200M steps]  ep_len:  41.7  reward: -0.337  pi_loss: -0.0142  v_loss: 0.3134  entropy: 1.259  idm_loss: 1.3877  sps: 7,252  ETA: 7.6h
  [ 2.61M / 200M steps]  ep_len:  41.9  reward: +0.045  pi_loss: -0.0110  v_loss: 0.3586  entropy: 1.249  idm_loss: 1.3861  sps: 7,260  ETA: 7.6h
  [ 2.94M / 200M steps]  ep_len:  33.4  reward: +0.603  pi_loss: -0.0106  v_loss: 0.4024  entropy: 1.228  idm_loss: 1.3858  sps: 7,265  ETA: 7.5h
  [ 3.26M / 200M steps]  ep_len:  72.4  reward: +2.225  pi_loss: -0.0140  v_loss: 0.3853  entropy: 1.226  idm_loss: 1.3861  sps: 7,271  ETA: 7.5h
  [ 3.59M / 200M steps]  ep_len:  38.1  reward: -0.228  pi_loss: -0.0113  v_loss: 0.4527  entropy: 1.200  idm_loss: 1.3863  sps: 7,272  ETA: 7.5h
  [ 3.92M / 200M steps]  ep_len:  81.6  reward: +2.611  pi_loss: -0.0087  v_loss: 0.4940  entropy: 1.198  idm_loss: 1.3860  sps: 7,279  ETA: 7.5h
  [ 4.25M / 200M steps]  ep_len:  38.2  reward: +0.825  pi_loss: -0.0088  v_loss: 0.5763  entropy: 1.172  idm_loss: 1.3856  sps: 7,286  ETA: 7.5h
  [Plot] Saved → training_plots/epi_pomp_step_004M.png
  [ 4.57M / 200M steps]  ep_len:  78.5  reward: +2.675  pi_loss: -0.0080  v_loss: 0.5949  entropy: 1.167  idm_loss: 1.3850  sps: 7,271  ETA: 7.5h
  [ 4.90M / 200M steps]  ep_len:  43.6  reward: +1.295  pi_loss: -0.0097  v_loss: 0.6451  entropy: 1.154  idm_loss: 1.3848  sps: 7,271  ETA: 7.5h
  [Checkpoint] Saved → final_checkpoints_epi_pomp/step_005M.pt
  [ 5.22M / 200M steps]  ep_len:  39.5  reward: +1.295  pi_loss: -0.0084  v_loss: 0.7021  entropy: 1.133  idm_loss: 1.3834  sps: 7,267  ETA: 7.4h
  [ 5.55M / 200M steps]  ep_len:  79.6  reward: +4.369  pi_loss: -0.0129  v_loss: 0.7722  entropy: 1.116  idm_loss: 1.3829  sps: 7,267  ETA: 7.4h
  [ 5.88M / 200M steps]  ep_len:  90.5  reward: +6.242  pi_loss: -0.0090  v_loss: 0.8502  entropy: 1.095  idm_loss: 1.3816  sps: 7,270  ETA: 7.4h
  [ 6.21M / 200M steps]  ep_len:  76.3  reward: +5.374  pi_loss: -0.0120  v_loss: 0.8890  entropy: 1.075  idm_loss: 1.3824  sps: 7,272  ETA: 7.4h
  [Plot] Saved → training_plots/epi_pomp_step_006M.png
  [ 6.53M / 200M steps]  ep_len:  86.8  reward: +7.229  pi_loss: -0.0113  v_loss: 0.9424  entropy: 1.060  idm_loss: 1.3821  sps: 7,256  ETA: 7.4h
  [ 6.86M / 200M steps]  ep_len:  82.4  reward: +4.539  pi_loss: -0.0102  v_loss: 0.9143  entropy: 1.046  idm_loss: 1.3845  sps: 7,257  ETA: 7.4h
  [ 7.19M / 200M steps]  ep_len:  85.2  reward: +8.654  pi_loss: -0.0183  v_loss: 0.9892  entropy: 1.023  idm_loss: 1.3806  sps: 7,257  ETA: 7.4h
  [ 7.51M / 200M steps]  ep_len:  44.5  reward: +1.816  pi_loss: -0.0096  v_loss: 0.9667  entropy: 1.017  idm_loss: 1.3815  sps: 7,255  ETA: 7.4h
  [ 7.84M / 200M steps]  ep_len:  90.6  reward: +6.446  pi_loss: -0.0104  v_loss: 1.0083  entropy: 0.989  idm_loss: 1.3787  sps: 7,258  ETA: 7.4h
  [ 8.17M / 200M steps]  ep_len:  96.1  reward: +5.820  pi_loss: -0.0078  v_loss: 1.0592  entropy: 0.971  idm_loss: 1.3827  sps: 7,257  ETA: 7.3h
  [ 8.49M / 200M steps]  ep_len:  40.8  reward: +2.645  pi_loss: -0.0098  v_loss: 1.0972  entropy: 0.965  idm_loss: 1.3736  sps: 7,256  ETA: 7.3h
  [Plot] Saved → training_plots/epi_pomp_step_008M.png
  [ 8.82M / 200M steps]  ep_len:  88.3  reward: +10.064  pi_loss: -0.0091  v_loss: 1.1581  entropy: 0.939  idm_loss: 1.3724  sps: 7,249  ETA: 7.3h
  [ 9.15M / 200M steps]  ep_len:  44.4  reward: +2.459  pi_loss: -0.0076  v_loss: 1.1904  entropy: 0.943  idm_loss: 1.3755  sps: 7,249  ETA: 7.3h
  [ 9.48M / 200M steps]  ep_len:  89.4  reward: +9.734  pi_loss: -0.0070  v_loss: 1.2104  entropy: 0.929  idm_loss: 1.3659  sps: 7,251  ETA: 7.3h
  [ 9.81M / 200M steps]  ep_len:  86.6  reward: +9.065  pi_loss: -0.0075  v_loss: 1.2103  entropy: 0.935  idm_loss: 1.3704  sps: 7,253  ETA: 7.3h
  [10.13M / 200M steps]  ep_len: 100.3  reward: +9.133  pi_loss: -0.0079  v_loss: 1.2070  entropy: 0.928  idm_loss: 1.3661  sps: 7,251  ETA: 7.3h
  [Checkpoint] Saved → final_checkpoints_epi_pomp/step_010M.pt
  [10.45M / 200M steps]  ep_len: 112.0  reward: +14.776  pi_loss: -0.0081  v_loss: 1.2372  entropy: 0.924  idm_loss: 1.3543  sps: 7,247  ETA: 7.3h
  [Plot] Saved → training_plots/epi_pomp_step_010M.png
  [10.78M / 200M steps]  ep_len:  93.0  reward: +10.943  pi_loss: -0.0099  v_loss: 1.1813  entropy: 0.921  idm_loss: 1.3603  sps: 7,242  ETA: 7.3h
  [11.10M / 200M steps]  ep_len:  40.6  reward: +2.805  pi_loss: -0.0083  v_loss: 1.2857  entropy: 0.929  idm_loss: 1.3739  sps: 7,242  ETA: 7.2h
  [11.42M / 200M steps]  ep_len: 106.7  reward: +13.250  pi_loss: -0.0080  v_loss: 1.2452  entropy: 0.920  idm_loss: 1.3464  sps: 7,240  ETA: 7.2h
  [11.74M / 200M steps]  ep_len: 119.1  reward: +12.726  pi_loss: -0.0100  v_loss: 1.2309  entropy: 0.920  idm_loss: 1.3379  sps: 7,238  ETA: 7.2h
  [12.07M / 200M steps]  ep_len:  96.9  reward: +11.019  pi_loss: -0.0100  v_loss: 1.2624  entropy: 0.924  idm_loss: 1.3613  sps: 7,237  ETA: 7.2h
  [12.39M / 200M steps]  ep_len:  93.6  reward: +9.079  pi_loss: -0.0121  v_loss: 1.3059  entropy: 0.917  idm_loss: 1.3740  sps: 7,235  ETA: 7.2h
  [12.70M / 200M steps]  ep_len:  42.9  reward: +2.940  pi_loss: -0.0098  v_loss: 1.5408  entropy: 0.934  idm_loss: 1.3553  sps: 7,234  ETA: 7.2h
  [Plot] Saved → training_plots/epi_pomp_step_012M.png
  [13.03M / 200M steps]  ep_len: 130.0  reward: +18.876  pi_loss: -0.0096  v_loss: 1.3859  entropy: 0.919  idm_loss: 1.3379  sps: 7,230  ETA: 7.2h
  [13.35M / 200M steps]  ep_len: 105.5  reward: +13.329  pi_loss: -0.0122  v_loss: 1.4220  entropy: 0.929  idm_loss: 1.3402  sps: 7,229  ETA: 7.2h
  [13.68M / 200M steps]  ep_len:  39.7  reward: +2.914  pi_loss: -0.0095  v_loss: 1.7532  entropy: 0.948  idm_loss: 1.3602  sps: 7,230  ETA: 7.2h
  [14.01M / 200M steps]  ep_len: 105.4  reward: +8.727  pi_loss: -0.0109  v_loss: 1.3972  entropy: 0.940  idm_loss: 1.3464  sps: 7,229  ETA: 7.1h
  [14.33M / 200M steps]  ep_len:  47.2  reward: +2.532  pi_loss: -0.0100  v_loss: 1.5479  entropy: 0.939  idm_loss: 1.3451  sps: 7,229  ETA: 7.1h
  [14.67M / 200M steps]  ep_len: 124.3  reward: +16.017  pi_loss: -0.0093  v_loss: 1.3113  entropy: 0.938  idm_loss: 1.3268  sps: 7,232  ETA: 7.1h
  [Plot] Saved → training_plots/epi_pomp_step_014M.png
  [15.01M / 200M steps]  ep_len: 108.9  reward: +17.020  pi_loss: -0.0108  v_loss: 1.3605  entropy: 0.926  idm_loss: 1.3162  sps: 7,228  ETA: 7.1h
  [Checkpoint] Saved → final_checkpoints_epi_pomp/step_015M.pt
  [15.33M / 200M steps]  ep_len: 112.1  reward: +13.578  pi_loss: -0.0109  v_loss: 1.2757  entropy: 0.930  idm_loss: 1.3194  sps: 7,225  ETA: 7.1h
  [15.65M / 200M steps]  ep_len: 145.9  reward: +21.370  pi_loss: -0.0094  v_loss: 1.3057  entropy: 0.915  idm_loss: 1.2884  sps: 7,224  ETA: 7.1h
  [15.97M / 200M steps]  ep_len:  97.4  reward: +10.364  pi_loss: -0.0130  v_loss: 1.3161  entropy: 0.913  idm_loss: 1.3296  sps: 7,224  ETA: 7.1h
  [16.31M / 200M steps]  ep_len: 122.4  reward: +18.015  pi_loss: -0.0089  v_loss: 1.2989  entropy: 0.900  idm_loss: 1.2895  sps: 7,225  ETA: 7.1h
  [16.63M / 200M steps]  ep_len: 148.5  reward: +21.378  pi_loss: -0.0075  v_loss: 1.2653  entropy: 0.898  idm_loss: 1.2823  sps: 7,225  ETA: 7.0h
  [16.96M / 200M steps]  ep_len: 132.8  reward: +19.965  pi_loss: -0.0068  v_loss: 1.3144  entropy: 0.891  idm_loss: 1.2616  sps: 7,225  ETA: 7.0h
  [Plot] Saved → training_plots/epi_pomp_step_016M.png
  [17.28M / 200M steps]  ep_len: 133.5  reward: +18.875  pi_loss: -0.0077  v_loss: 1.3004  entropy: 0.891  idm_loss: 1.2648  sps: 7,222  ETA: 7.0h
  [17.61M / 200M steps]  ep_len: 137.9  reward: +19.513  pi_loss: -0.0054  v_loss: 1.2602  entropy: 0.881  idm_loss: 1.2604  sps: 7,222  ETA: 7.0h
  [17.93M / 200M steps]  ep_len: 129.7  reward: +19.240  pi_loss: -0.0083  v_loss: 1.3190  entropy: 0.877  idm_loss: 1.2382  sps: 7,221  ETA: 7.0h
  [18.27M / 200M steps]  ep_len: 130.7  reward: +18.646  pi_loss: -0.0112  v_loss: 1.2741  entropy: 0.883  idm_loss: 1.2432  sps: 7,221  ETA: 7.0h
  [18.59M / 200M steps]  ep_len: 154.1  reward: +23.840  pi_loss: -0.0110  v_loss: 1.3304  entropy: 0.889  idm_loss: 1.2131  sps: 7,222  ETA: 7.0h
  [18.91M / 200M steps]  ep_len: 127.3  reward: +18.322  pi_loss: -0.0102  v_loss: 1.3650  entropy: 0.886  idm_loss: 1.2342  sps: 7,221  ETA: 7.0h
  [Plot] Saved → training_plots/epi_pomp_step_019M.png
  [19.24M / 200M steps]  ep_len:  38.7  reward: +2.003  pi_loss: -0.0080  v_loss: 1.7571  entropy: 0.911  idm_loss: 1.2896  sps: 7,218  ETA: 7.0h
  [19.56M / 200M steps]  ep_len: 113.3  reward: +12.908  pi_loss: -0.0101  v_loss: 1.3616  entropy: 0.880  idm_loss: 1.2505  sps: 7,218  ETA: 6.9h
  [19.88M / 200M steps]  ep_len: 127.6  reward: +21.623  pi_loss: -0.0098  v_loss: 1.3187  entropy: 0.876  idm_loss: 1.1868  sps: 7,217  ETA: 6.9h
  [20.20M / 200M steps]  ep_len: 144.1  reward: +20.020  pi_loss: -0.0084  v_loss: 1.3111  entropy: 0.873  idm_loss: 1.1609  sps: 7,216  ETA: 6.9h
  [Checkpoint] Saved → final_checkpoints_epi_pomp/step_020M.pt
  [20.52M / 200M steps]  ep_len:  45.3  reward: +2.314  pi_loss: -0.0071  v_loss: 1.7660  entropy: 0.896  idm_loss: 1.2455  sps: 7,213  ETA: 6.9h
  [20.84M / 200M steps]  ep_len: 101.7  reward: +10.500  pi_loss: -0.0103  v_loss: 1.3587  entropy: 0.881  idm_loss: 1.2143  sps: 7,214  ETA: 6.9h
  [21.16M / 200M steps]  ep_len:  46.1  reward: +3.726  pi_loss: -0.0098  v_loss: 1.6471  entropy: 0.887  idm_loss: 1.2030  sps: 7,214  ETA: 6.9h
  [Plot] Saved → training_plots/epi_pomp_step_021M.png
  [21.49M / 200M steps]  ep_len: 120.5  reward: +13.541  pi_loss: -0.0114  v_loss: 1.3139  entropy: 0.869  idm_loss: 1.1911  sps: 7,211  ETA: 6.9h
  [21.82M / 200M steps]  ep_len: 122.6  reward: +12.771  pi_loss: -0.0096  v_loss: 1.4280  entropy: 0.867  idm_loss: 1.1640  sps: 7,212  ETA: 6.9h
  [22.14M / 200M steps]  ep_len: 143.4  reward: +22.516  pi_loss: -0.0088  v_loss: 1.3833  entropy: 0.857  idm_loss: 1.0988  sps: 7,212  ETA: 6.9h
  [22.46M / 200M steps]  ep_len: 116.6  reward: +12.920  pi_loss: -0.0101  v_loss: 1.3549  entropy: 0.849  idm_loss: 1.1560  sps: 7,211  ETA: 6.8h
  [22.78M / 200M steps]  ep_len: 114.3  reward: +11.630  pi_loss: -0.0123  v_loss: 1.4350  entropy: 0.854  idm_loss: 1.1047  sps: 7,209  ETA: 6.8h
  [23.10M / 200M steps]  ep_len: 106.2  reward: +12.820  pi_loss: -0.0112  v_loss: 1.3100  entropy: 0.847  idm_loss: 1.1038  sps: 7,209  ETA: 6.8h
  [Plot] Saved → training_plots/epi_pomp_step_023M.png
  [23.43M / 200M steps]  ep_len: 153.5  reward: +24.027  pi_loss: -0.0065  v_loss: 1.3804  entropy: 0.857  idm_loss: 1.0162  sps: 7,207  ETA: 6.8h
  [23.75M / 200M steps]  ep_len: 120.0  reward: +17.275  pi_loss: -0.0097  v_loss: 1.3866  entropy: 0.857  idm_loss: 1.0514  sps: 7,207  ETA: 6.8h
  [24.07M / 200M steps]  ep_len: 105.3  reward: +12.814  pi_loss: -0.0131  v_loss: 1.3813  entropy: 0.860  idm_loss: 1.0793  sps: 7,207  ETA: 6.8h
  [24.40M / 200M steps]  ep_len: 122.0  reward: +15.315  pi_loss: -0.0112  v_loss: 1.4365  entropy: 0.855  idm_loss: 0.9950  sps: 7,207  ETA: 6.8h
  [24.74M / 200M steps]  ep_len: 137.9  reward: +21.742  pi_loss: -0.0107  v_loss: 1.3717  entropy: 0.857  idm_loss: 0.9464  sps: 7,208  ETA: 6.8h
  [25.07M / 200M steps]  ep_len: 148.5  reward: +21.755  pi_loss: -0.0106  v_loss: 1.4179  entropy: 0.854  idm_loss: 0.9445  sps: 7,208  ETA: 6.7h
  [Checkpoint] Saved → final_checkpoints_epi_pomp/step_025M.pt
  [25.39M / 200M steps]  ep_len: 141.3  reward: +22.536  pi_loss: -0.0096  v_loss: 1.5289  entropy: 0.854  idm_loss: 0.9320  sps: 7,205  ETA: 6.7h
  [Plot] Saved → training_plots/epi_pomp_step_025M.png
  [25.71M / 200M steps]  ep_len: 131.3  reward: +21.637  pi_loss: -0.0067  v_loss: 1.5099  entropy: 0.843  idm_loss: 0.8890  sps: 7,202  ETA: 6.7h
  [26.02M / 200M steps]  ep_len: 123.5  reward: +14.917  pi_loss: -0.0094  v_loss: 1.5554  entropy: 0.843  idm_loss: 0.9133  sps: 7,201  ETA: 6.7h
  [26.35M / 200M steps]  ep_len: 147.4  reward: +22.514  pi_loss: -0.0099  v_loss: 1.4964  entropy: 0.841  idm_loss: 0.8707  sps: 7,201  ETA: 6.7h
  [26.67M / 200M steps]  ep_len: 136.3  reward: +21.163  pi_loss: -0.0092  v_loss: 1.5430  entropy: 0.832  idm_loss: 0.8665  sps: 7,200  ETA: 6.7h
  [27.00M / 200M steps]  ep_len: 110.7  reward: +14.063  pi_loss: -0.0104  v_loss: 1.6365  entropy: 0.836  idm_loss: 0.9007  sps: 7,200  ETA: 6.7h
  [27.32M / 200M steps]  ep_len: 127.6  reward: +20.034  pi_loss: -0.0106  v_loss: 1.5299  entropy: 0.836  idm_loss: 0.8036  sps: 7,200  ETA: 6.7h
  [Plot] Saved → training_plots/epi_pomp_step_027M.png
  [27.64M / 200M steps]  ep_len:  47.6  reward: +3.251  pi_loss: -0.0078  v_loss: 2.1494  entropy: 0.860  idm_loss: 0.8863  sps: 7,196  ETA: 6.7h
  [27.96M / 200M steps]  ep_len: 114.1  reward: +12.928  pi_loss: -0.0127  v_loss: 1.5549  entropy: 0.848  idm_loss: 0.8420  sps: 7,196  ETA: 6.6h
  [28.29M / 200M steps]  ep_len: 138.3  reward: +21.850  pi_loss: -0.0069  v_loss: 1.5110  entropy: 0.832  idm_loss: 0.7729  sps: 7,197  ETA: 6.6h
  [28.63M / 200M steps]  ep_len: 140.7  reward: +20.687  pi_loss: -0.0116  v_loss: 1.5552  entropy: 0.836  idm_loss: 0.7369  sps: 7,197  ETA: 6.6h
  [28.95M / 200M steps]  ep_len: 151.4  reward: +26.679  pi_loss: -0.0112  v_loss: 1.5529  entropy: 0.828  idm_loss: 0.6969  sps: 7,197  ETA: 6.6h
  [29.27M / 200M steps]  ep_len: 155.1  reward: +25.216  pi_loss: -0.0140  v_loss: 1.5903  entropy: 0.825  idm_loss: 0.7052  sps: 7,197  ETA: 6.6h
  [29.59M / 200M steps]  ep_len: 155.6  reward: +24.033  pi_loss: -0.0112  v_loss: 1.5678  entropy: 0.825  idm_loss: 0.6816  sps: 7,197  ETA: 6.6h
  [Plot] Saved → training_plots/epi_pomp_step_029M.png
  [29.91M / 200M steps]  ep_len: 123.4  reward: +16.783  pi_loss: -0.0095  v_loss: 1.5606  entropy: 0.824  idm_loss: 0.7104  sps: 7,195  ETA: 6.6h
  [30.25M / 200M steps]  ep_len:  45.1  reward: +4.327  pi_loss: -0.0061  v_loss: 2.4076  entropy: 0.836  idm_loss: 0.7584  sps: 7,195  ETA: 6.6h
  [Checkpoint] Saved → final_checkpoints_epi_pomp/step_030M.pt
  [30.57M / 200M steps]  ep_len: 151.4  reward: +23.804  pi_loss: -0.0124  v_loss: 1.5271  entropy: 0.820  idm_loss: 0.6754  sps: 7,194  ETA: 6.5h
  [30.89M / 200M steps]  ep_len: 106.4  reward: +14.825  pi_loss: -0.0107  v_loss: 1.6090  entropy: 0.824  idm_loss: 0.7006  sps: 7,194  ETA: 6.5h
  [31.22M / 200M steps]  ep_len: 139.4  reward: +23.373  pi_loss: -0.0110  v_loss: 1.5277  entropy: 0.813  idm_loss: 0.6490  sps: 7,194  ETA: 6.5h
  [31.54M / 200M steps]  ep_len:  98.8  reward: +9.873  pi_loss: -0.0104  v_loss: 1.5827  entropy: 0.815  idm_loss: 0.7156  sps: 7,194  ETA: 6.5h
  [Plot] Saved → training_plots/epi_pomp_step_031M.png
  [31.88M / 200M steps]  ep_len: 152.7  reward: +25.201  pi_loss: -0.0084  v_loss: 1.6317  entropy: 0.803  idm_loss: 0.6482  sps: 7,193  ETA: 6.5h
  [32.20M / 200M steps]  ep_len: 103.0  reward: +13.881  pi_loss: -0.0098  v_loss: 1.7440  entropy: 0.802  idm_loss: 0.6674  sps: 7,193  ETA: 6.5h
  [32.52M / 200M steps]  ep_len: 153.8  reward: +25.377  pi_loss: -0.0106  v_loss: 1.6860  entropy: 0.803  idm_loss: 0.6031  sps: 7,193  ETA: 6.5h
  [32.84M / 200M steps]  ep_len: 142.6  reward: +22.650  pi_loss: -0.0092  v_loss: 1.7436  entropy: 0.802  idm_loss: 0.6327  sps: 7,193  ETA: 6.5h
  [33.17M / 200M steps]  ep_len: 145.2  reward: +22.813  pi_loss: -0.0099  v_loss: 1.6892  entropy: 0.807  idm_loss: 0.5768  sps: 7,193  ETA: 6.4h
  [33.50M / 200M steps]  ep_len: 123.8  reward: +19.749  pi_loss: -0.0101  v_loss: 1.7129  entropy: 0.806  idm_loss: 0.5962  sps: 7,194  ETA: 6.4h
  [33.84M / 200M steps]  ep_len: 137.5  reward: +19.684  pi_loss: -0.0115  v_loss: 1.7614  entropy: 0.805  idm_loss: 0.6298  sps: 7,195  ETA: 6.4h
  [Plot] Saved → training_plots/epi_pomp_step_033M.png
  [34.16M / 200M steps]  ep_len: 160.9  reward: +28.672  pi_loss: -0.0086  v_loss: 1.5811  entropy: 0.802  idm_loss: 0.5728  sps: 7,193  ETA: 6.4h
  [34.49M / 200M steps]  ep_len: 130.1  reward: +20.574  pi_loss: -0.0104  v_loss: 1.6566  entropy: 0.793  idm_loss: 0.5914  sps: 7,194  ETA: 6.4h
  [34.82M / 200M steps]  ep_len: 137.1  reward: +22.675  pi_loss: -0.0106  v_loss: 1.5061  entropy: 0.790  idm_loss: 0.6150  sps: 7,193  ETA: 6.4h
  [35.14M / 200M steps]  ep_len:  41.6  reward: +2.993  pi_loss: -0.0052  v_loss: 2.6503  entropy: 0.799  idm_loss: 0.6617  sps: 7,193  ETA: 6.4h
  [Checkpoint] Saved → final_checkpoints_epi_pomp/step_035M.pt
  [35.46M / 200M steps]  ep_len: 148.9  reward: +26.642  pi_loss: -0.0106  v_loss: 1.5449  entropy: 0.783  idm_loss: 0.5623  sps: 7,192  ETA: 6.4h
  [35.79M / 200M steps]  ep_len: 138.4  reward: +17.963  pi_loss: -0.0101  v_loss: 1.5468  entropy: 0.780  idm_loss: 0.5524  sps: 7,192  ETA: 6.3h
  [Plot] Saved → training_plots/epi_pomp_step_035M.png
  [36.11M / 200M steps]  ep_len:  43.5  reward: +4.092  pi_loss: -0.0047  v_loss: 2.6099  entropy: 0.791  idm_loss: 0.6744  sps: 7,190  ETA: 6.3h
  [36.43M / 200M steps]  ep_len: 143.4  reward: +23.219  pi_loss: -0.0113  v_loss: 1.6119  entropy: 0.779  idm_loss: 0.6091  sps: 7,191  ETA: 6.3h
  [36.76M / 200M steps]  ep_len: 139.8  reward: +23.071  pi_loss: -0.0079  v_loss: 1.6088  entropy: 0.776  idm_loss: 0.5672  sps: 7,190  ETA: 6.3h
  [37.07M / 200M steps]  ep_len: 152.6  reward: +26.879  pi_loss: -0.0140  v_loss: 1.5576  entropy: 0.773  idm_loss: 0.5664  sps: 7,190  ETA: 6.3h
  [37.40M / 200M steps]  ep_len: 146.9  reward: +26.742  pi_loss: -0.0103  v_loss: 1.6202  entropy: 0.766  idm_loss: 0.5541  sps: 7,190  ETA: 6.3h
  [37.73M / 200M steps]  ep_len: 145.5  reward: +25.066  pi_loss: -0.0081  v_loss: 1.7122  entropy: 0.759  idm_loss: 0.5470  sps: 7,190  ETA: 6.3h
  [38.05M / 200M steps]  ep_len: 163.7  reward: +28.188  pi_loss: -0.0093  v_loss: 1.6723  entropy: 0.751  idm_loss: 0.5525  sps: 7,190  ETA: 6.3h
  [Plot] Saved → training_plots/epi_pomp_step_038M.png
  [38.38M / 200M steps]  ep_len:  44.9  reward: +4.456  pi_loss: -0.0052  v_loss: 2.5700  entropy: 0.769  idm_loss: 0.6580  sps: 7,189  ETA: 6.2h
  [38.71M / 200M steps]  ep_len: 159.2  reward: +28.569  pi_loss: -0.0113  v_loss: 1.4806  entropy: 0.750  idm_loss: 0.5166  sps: 7,189  ETA: 6.2h
  [39.04M / 200M steps]  ep_len: 141.8  reward: +21.042  pi_loss: -0.0091  v_loss: 1.5358  entropy: 0.746  idm_loss: 0.5672  sps: 7,189  ETA: 6.2h
  [39.36M / 200M steps]  ep_len: 152.9  reward: +26.828  pi_loss: -0.0107  v_loss: 1.5592  entropy: 0.751  idm_loss: 0.5508  sps: 7,189  ETA: 6.2h
  [39.69M / 200M steps]  ep_len: 164.3  reward: +28.339  pi_loss: -0.0023  v_loss: 1.5188  entropy: 0.747  idm_loss: 0.5557  sps: 7,188  ETA: 6.2h
  [40.01M / 200M steps]  ep_len: 145.7  reward: +23.846  pi_loss: -0.0074  v_loss: 1.6208  entropy: 0.742  idm_loss: 0.5635  sps: 7,189  ETA: 6.2h
  [Plot] Saved → training_plots/epi_pomp_step_040M.png
  [40.34M / 200M steps]  ep_len: 108.8  reward: +14.446  pi_loss: -0.0077  v_loss: 1.5455  entropy: 0.738  idm_loss: 0.6453  sps: 7,187  ETA: 6.2h
  [Checkpoint] Saved → final_checkpoints_epi_pomp/step_040M.pt
  [40.67M / 200M steps]  ep_len: 151.0  reward: +26.296  pi_loss: -0.0078  v_loss: 1.4753  entropy: 0.728  idm_loss: 0.5735  sps: 7,186  ETA: 6.2h
  [41.00M / 200M steps]  ep_len: 153.1  reward: +25.258  pi_loss: -0.0055  v_loss: 1.5044  entropy: 0.722  idm_loss: 0.5604  sps: 7,186  ETA: 6.1h
  [41.33M / 200M steps]  ep_len: 140.8  reward: +25.630  pi_loss: -0.0093  v_loss: 1.5035  entropy: 0.710  idm_loss: 0.5286  sps: 7,187  ETA: 6.1h
  [41.66M / 200M steps]  ep_len: 154.6  reward: +28.068  pi_loss: -0.0083  v_loss: 1.4631  entropy: 0.703  idm_loss: 0.5205  sps: 7,187  ETA: 6.1h
  [41.98M / 200M steps]  ep_len:  42.2  reward: +3.911  pi_loss: -0.0059  v_loss: 2.4120  entropy: 0.712  idm_loss: 0.7059  sps: 7,187  ETA: 6.1h
  [42.32M / 200M steps]  ep_len: 172.3  reward: +30.111  pi_loss: -0.0081  v_loss: 1.4581  entropy: 0.695  idm_loss: 0.5325  sps: 7,188  ETA: 6.1h
  [Plot] Saved → training_plots/epi_pomp_step_042M.png
  [42.63M / 200M steps]  ep_len: 157.4  reward: +26.193  pi_loss: -0.0082  v_loss: 1.4850  entropy: 0.680  idm_loss: 0.5233  sps: 7,186  ETA: 6.1h
  [42.96M / 200M steps]  ep_len: 123.8  reward: +13.357  pi_loss: -0.0094  v_loss: 1.6079  entropy: 0.678  idm_loss: 0.6335  sps: 7,186  ETA: 6.1h
  [43.28M / 200M steps]  ep_len: 139.2  reward: +24.432  pi_loss: -0.0091  v_loss: 1.6445  entropy: 0.664  idm_loss: 0.5529  sps: 7,186  ETA: 6.1h
  [43.60M / 200M steps]  ep_len: 108.2  reward: +14.336  pi_loss: -0.0092  v_loss: 1.6828  entropy: 0.670  idm_loss: 0.5924  sps: 7,185  ETA: 6.0h
  [43.93M / 200M steps]  ep_len:  41.5  reward: +4.022  pi_loss: -0.0057  v_loss: 2.6519  entropy: 0.677  idm_loss: 0.6520  sps: 7,185  ETA: 6.0h
  [44.26M / 200M steps]  ep_len: 148.3  reward: +27.671  pi_loss: -0.0091  v_loss: 1.5878  entropy: 0.664  idm_loss: 0.5204  sps: 7,185  ETA: 6.0h
  [Plot] Saved → training_plots/epi_pomp_step_044M.png
  [44.58M / 200M steps]  ep_len:  49.9  reward: +3.500  pi_loss: -0.0057  v_loss: 2.4814  entropy: 0.670  idm_loss: 0.6832  sps: 7,184  ETA: 6.0h
  [44.91M / 200M steps]  ep_len:  51.1  reward: +4.458  pi_loss: -0.0024  v_loss: 2.3890  entropy: 0.669  idm_loss: 0.6378  sps: 7,184  ETA: 6.0h
  [45.25M / 200M steps]  ep_len: 162.3  reward: +28.832  pi_loss: -0.0066  v_loss: 1.4335  entropy: 0.659  idm_loss: 0.5406  sps: 7,185  ETA: 6.0h
  [Checkpoint] Saved → final_checkpoints_epi_pomp/step_045M.pt
  [45.57M / 200M steps]  ep_len: 153.1  reward: +26.454  pi_loss: -0.0076  v_loss: 1.4960  entropy: 0.647  idm_loss: 0.5058  sps: 7,184  ETA: 6.0h
  [45.89M / 200M steps]  ep_len: 151.2  reward: +24.388  pi_loss: -0.0088  v_loss: 1.4745  entropy: 0.643  idm_loss: 0.5519  sps: 7,184  ETA: 6.0h
  [46.21M / 200M steps]  ep_len: 139.4  reward: +23.088  pi_loss: -0.0069  v_loss: 1.5289  entropy: 0.639  idm_loss: 0.4947  sps: 7,183  ETA: 5.9h
  [46.54M / 200M steps]  ep_len: 118.6  reward: +17.763  pi_loss: -0.0093  v_loss: 1.5493  entropy: 0.637  idm_loss: 0.5615  sps: 7,183  ETA: 5.9h
  [Plot] Saved → training_plots/epi_pomp_step_046M.png
  [46.88M / 200M steps]  ep_len: 163.7  reward: +32.144  pi_loss: -0.0070  v_loss: 1.5036  entropy: 0.624  idm_loss: 0.5031  sps: 7,183  ETA: 5.9h
  [47.20M / 200M steps]  ep_len:  48.0  reward: +5.678  pi_loss: -0.0037  v_loss: 2.3665  entropy: 0.636  idm_loss: 0.7107  sps: 7,183  ETA: 5.9h
  [47.53M / 200M steps]  ep_len: 147.6  reward: +28.054  pi_loss: -0.0093  v_loss: 1.5230  entropy: 0.618  idm_loss: 0.5043  sps: 7,183  ETA: 5.9h
  [47.86M / 200M steps]  ep_len: 154.9  reward: +25.883  pi_loss: -0.0091  v_loss: 1.6094  entropy: 0.619  idm_loss: 0.5282  sps: 7,183  ETA: 5.9h
  [48.18M / 200M steps]  ep_len: 158.9  reward: +29.622  pi_loss: -0.0088  v_loss: 1.5781  entropy: 0.610  idm_loss: 0.4966  sps: 7,183  ETA: 5.9h
  [48.51M / 200M steps]  ep_len: 128.7  reward: +23.295  pi_loss: -0.0072  v_loss: 1.6042  entropy: 0.605  idm_loss: 0.5622  sps: 7,183  ETA: 5.9h
  [Plot] Saved → training_plots/epi_pomp_step_048M.png
  [48.84M / 200M steps]  ep_len: 146.7  reward: +26.728  pi_loss: -0.0010  v_loss: 1.6330  entropy: 0.595  idm_loss: 0.5216  sps: 7,181  ETA: 5.8h
  [49.18M / 200M steps]  ep_len: 104.7  reward: +16.375  pi_loss: -0.0095  v_loss: 1.6229  entropy: 0.598  idm_loss: 0.5585  sps: 7,182  ETA: 5.8h
  [49.50M / 200M steps]  ep_len: 146.0  reward: +24.255  pi_loss: -0.0060  v_loss: 1.4623  entropy: 0.590  idm_loss: 0.5033  sps: 7,182  ETA: 5.8h
  [49.83M / 200M steps]  ep_len: 171.2  reward: +30.217  pi_loss: -0.0079  v_loss: 1.4901  entropy: 0.584  idm_loss: 0.5057  sps: 7,182  ETA: 5.8h
  [50.15M / 200M steps]  ep_len: 148.6  reward: +27.282  pi_loss: -0.0079  v_loss: 1.4935  entropy: 0.580  idm_loss: 0.5326  sps: 7,182  ETA: 5.8h
  [50.47M / 200M steps]  ep_len: 112.7  reward: +17.233  pi_loss: -0.0075  v_loss: 1.6546  entropy: 0.576  idm_loss: 0.5664  sps: 7,181  ETA: 5.8h
  [Checkpoint] Saved → final_checkpoints_epi_pomp/step_050M.pt
  [50.80M / 200M steps]  ep_len: 156.0  reward: +29.549  pi_loss: -0.0080  v_loss: 1.5398  entropy: 0.568  idm_loss: 0.5005  sps: 7,180  ETA: 5.8h
  [Plot] Saved → training_plots/epi_pomp_step_050M.png
  [51.12M / 200M steps]  ep_len: 160.7  reward: +31.086  pi_loss: -0.0068  v_loss: 1.5670  entropy: 0.564  idm_loss: 0.4853  sps: 7,178  ETA: 5.8h
  [51.44M / 200M steps]  ep_len: 150.0  reward: +27.884  pi_loss: -0.0091  v_loss: 1.5837  entropy: 0.560  idm_loss: 0.4804  sps: 7,178  ETA: 5.7h
  [51.76M / 200M steps]  ep_len: 138.5  reward: +24.815  pi_loss: -0.0068  v_loss: 1.6601  entropy: 0.553  idm_loss: 0.5057  sps: 7,178  ETA: 5.7h
  [52.10M / 200M steps]  ep_len: 172.9  reward: +33.733  pi_loss: -0.0076  v_loss: 1.5600  entropy: 0.546  idm_loss: 0.4950  sps: 7,178  ETA: 5.7h
  [52.42M / 200M steps]  ep_len: 114.8  reward: +17.372  pi_loss: -0.0054  v_loss: 1.8448  entropy: 0.543  idm_loss: 0.5512  sps: 7,178  ETA: 5.7h
  [52.75M / 200M steps]  ep_len: 149.2  reward: +26.795  pi_loss: -0.0076  v_loss: 1.6776  entropy: 0.533  idm_loss: 0.5050  sps: 7,178  ETA: 5.7h
  [Plot] Saved → training_plots/epi_pomp_step_052M.png
  [53.08M / 200M steps]  ep_len: 162.1  reward: +32.614  pi_loss: -0.0087  v_loss: 1.6803  entropy: 0.533  idm_loss: 0.4944  sps: 7,177  ETA: 5.7h
  [53.41M / 200M steps]  ep_len: 143.8  reward: +26.257  pi_loss: -0.0065  v_loss: 1.7708  entropy: 0.523  idm_loss: 0.5108  sps: 7,178  ETA: 5.7h
  [53.74M / 200M steps]  ep_len: 170.6  reward: +30.872  pi_loss: -0.0073  v_loss: 1.5680  entropy: 0.527  idm_loss: 0.4861  sps: 7,178  ETA: 5.7h
  [54.06M / 200M steps]  ep_len: 144.0  reward: +27.108  pi_loss: -0.0080  v_loss: 1.6598  entropy: 0.519  idm_loss: 0.4898  sps: 7,177  ETA: 5.6h
  [54.40M / 200M steps]  ep_len: 148.5  reward: +28.496  pi_loss: -0.0099  v_loss: 1.5792  entropy: 0.509  idm_loss: 0.4645  sps: 7,178  ETA: 5.6h
  [54.72M / 200M steps]  ep_len: 168.9  reward: +31.047  pi_loss: -0.0074  v_loss: 1.5980  entropy: 0.500  idm_loss: 0.4593  sps: 7,178  ETA: 5.6h
  [55.04M / 200M steps]  ep_len: 152.0  reward: +30.107  pi_loss: -0.0071  v_loss: 1.6915  entropy: 0.489  idm_loss: 0.4589  sps: 7,178  ETA: 5.6h
  [Plot] Saved → training_plots/epi_pomp_step_055M.png
  [55.37M / 200M steps]  ep_len: 147.0  reward: +28.219  pi_loss: -0.0064  v_loss: 1.7486  entropy: 0.481  idm_loss: 0.4947  sps: 7,177  ETA: 5.6h
  [Checkpoint] Saved → final_checkpoints_epi_pomp/step_055M.pt
  [55.69M / 200M steps]  ep_len: 157.6  reward: +29.086  pi_loss: -0.0068  v_loss: 1.7502  entropy: 0.477  idm_loss: 0.4978  sps: 7,176  ETA: 5.6h
  [56.02M / 200M steps]  ep_len: 142.3  reward: +23.670  pi_loss: -0.0032  v_loss: 1.8724  entropy: 0.474  idm_loss: 0.4885  sps: 7,176  ETA: 5.6h
  [56.35M / 200M steps]  ep_len: 155.8  reward: +28.692  pi_loss: -0.0074  v_loss: 1.7790  entropy: 0.471  idm_loss: 0.4573  sps: 7,176  ETA: 5.6h
  [56.67M / 200M steps]  ep_len: 165.8  reward: +30.323  pi_loss: -0.0072  v_loss: 1.7266  entropy: 0.465  idm_loss: 0.4438  sps: 7,176  ETA: 5.5h
  [56.99M / 200M steps]  ep_len: 163.8  reward: +32.159  pi_loss: -0.0030  v_loss: 1.6996  entropy: 0.456  idm_loss: 0.4620  sps: 7,177  ETA: 5.5h
  [Plot] Saved → training_plots/epi_pomp_step_057M.png
  [57.32M / 200M steps]  ep_len: 149.2  reward: +27.793  pi_loss: -0.0076  v_loss: 1.7449  entropy: 0.451  idm_loss: 0.4703  sps: 7,176  ETA: 5.5h
  [57.65M / 200M steps]  ep_len: 163.9  reward: +31.737  pi_loss: -0.0078  v_loss: 1.7864  entropy: 0.438  idm_loss: 0.4701  sps: 7,176  ETA: 5.5h
  [57.97M / 200M steps]  ep_len: 160.8  reward: +31.675  pi_loss: -0.0050  v_loss: 1.8596  entropy: 0.427  idm_loss: 0.4545  sps: 7,176  ETA: 5.5h
  [58.30M / 200M steps]  ep_len: 159.5  reward: +30.502  pi_loss: -0.0069  v_loss: 1.8280  entropy: 0.418  idm_loss: 0.4508  sps: 7,177  ETA: 5.5h
  [58.63M / 200M steps]  ep_len: 159.0  reward: +32.377  pi_loss: -0.0078  v_loss: 1.8064  entropy: 0.409  idm_loss: 0.4469  sps: 7,177  ETA: 5.5h
  [58.96M / 200M steps]  ep_len: 162.9  reward: +30.094  pi_loss: -0.0081  v_loss: 1.7296  entropy: 0.405  idm_loss: 0.4619  sps: 7,178  ETA: 5.5h
  [59.29M / 200M steps]  ep_len: 154.4  reward: +30.282  pi_loss: -0.0058  v_loss: 1.8300  entropy: 0.396  idm_loss: 0.4864  sps: 7,178  ETA: 5.4h
  [Plot] Saved → training_plots/epi_pomp_step_059M.png
  [59.62M / 200M steps]  ep_len: 156.1  reward: +28.902  pi_loss: -0.0077  v_loss: 1.8035  entropy: 0.384  idm_loss: 0.4639  sps: 7,177  ETA: 5.4h
  [59.94M / 200M steps]  ep_len: 157.8  reward: +32.985  pi_loss: -0.0071  v_loss: 1.8280  entropy: 0.383  idm_loss: 0.4511  sps: 7,177  ETA: 5.4h
  [60.27M / 200M steps]  ep_len: 162.0  reward: +30.662  pi_loss: -0.0052  v_loss: 1.8320  entropy: 0.381  idm_loss: 0.4291  sps: 7,177  ETA: 5.4h
  [60.61M / 200M steps]  ep_len: 169.9  reward: +31.705  pi_loss: -0.0037  v_loss: 1.8930  entropy: 0.374  idm_loss: 0.4365  sps: 7,178  ETA: 5.4h
  [Checkpoint] Saved → final_checkpoints_epi_pomp/step_060M.pt
  [60.93M / 200M steps]  ep_len: 159.3  reward: +30.162  pi_loss: -0.0082  v_loss: 1.8282  entropy: 0.375  idm_loss: 0.3810  sps: 7,177  ETA: 5.4h
  [61.26M / 200M steps]  ep_len: 163.2  reward: +27.851  pi_loss: -0.0064  v_loss: 1.8615  entropy: 0.375  idm_loss: 0.4336  sps: 7,177  ETA: 5.4h
  [Plot] Saved → training_plots/epi_pomp_step_061M.png
  [61.59M / 200M steps]  ep_len: 158.1  reward: +27.352  pi_loss: -0.0020  v_loss: 1.9126  entropy: 0.365  idm_loss: 0.4303  sps: 7,177  ETA: 5.4h
  [61.91M / 200M steps]  ep_len: 155.6  reward: +26.817  pi_loss: -0.0060  v_loss: 2.0978  entropy: 0.358  idm_loss: 0.4490  sps: 7,177  ETA: 5.3h
  [62.25M / 200M steps]  ep_len: 154.9  reward: +31.529  pi_loss: -0.0060  v_loss: 2.2192  entropy: 0.351  idm_loss: 0.4670  sps: 7,178  ETA: 5.3h
  [62.57M / 200M steps]  ep_len: 179.9  reward: +33.578  pi_loss: -0.0084  v_loss: 2.1854  entropy: 0.344  idm_loss: 0.4313  sps: 7,178  ETA: 5.3h
  [62.90M / 200M steps]  ep_len: 160.8  reward: +31.849  pi_loss: -0.0059  v_loss: 2.2754  entropy: 0.338  idm_loss: 0.3973  sps: 7,179  ETA: 5.3h
  [63.24M / 200M steps]  ep_len: 156.0  reward: +32.600  pi_loss: -0.0058  v_loss: 2.2364  entropy: 0.328  idm_loss: 0.4152  sps: 7,180  ETA: 5.3h
  [63.57M / 200M steps]  ep_len: 172.8  reward: +33.561  pi_loss: -0.0050  v_loss: 2.1566  entropy: 0.325  idm_loss: 0.4165  sps: 7,180  ETA: 5.3h
  [Plot] Saved → training_plots/epi_pomp_step_063M.png
  [63.88M / 200M steps]  ep_len: 182.0  reward: +32.001  pi_loss: -0.0098  v_loss: 2.0890  entropy: 0.322  idm_loss: 0.4543  sps: 7,179  ETA: 5.3h
  [64.20M / 200M steps]  ep_len: 152.5  reward: +25.917  pi_loss: -0.0036  v_loss: 2.1174  entropy: 0.318  idm_loss: 0.4067  sps: 7,180  ETA: 5.3h
  [64.52M / 200M steps]  ep_len: 159.9  reward: +31.597  pi_loss: -0.0040  v_loss: 2.1200  entropy: 0.313  idm_loss: 0.4350  sps: 7,180  ETA: 5.2h
  [64.85M / 200M steps]  ep_len: 172.6  reward: +34.362  pi_loss: -0.0069  v_loss: 2.0465  entropy: 0.306  idm_loss: 0.3346  sps: 7,180  ETA: 5.2h
  [65.17M / 200M steps]  ep_len: 173.9  reward: +32.029  pi_loss: -0.0043  v_loss: 2.2269  entropy: 0.296  idm_loss: 0.4045  sps: 7,180  ETA: 5.2h
  [65.49M / 200M steps]  ep_len: 150.1  reward: +29.044  pi_loss: -0.0049  v_loss: 2.3884  entropy: 0.298  idm_loss: 0.4616  sps: 7,180  ETA: 5.2h
  [Checkpoint] Saved → final_checkpoints_epi_pomp/step_065M.pt
  [Plot] Saved → training_plots/epi_pomp_step_065M.png
  [65.83M / 200M steps]  ep_len: 166.4  reward: +34.351  pi_loss: -0.0005  v_loss: 2.4730  entropy: 0.292  idm_loss: 0.4209  sps: 7,179  ETA: 5.2h
  [66.15M / 200M steps]  ep_len: 178.5  reward: +33.451  pi_loss: -0.0061  v_loss: 2.2588  entropy: 0.290  idm_loss: 0.3375  sps: 7,179  ETA: 5.2h
  [66.48M / 200M steps]  ep_len: 163.5  reward: +33.624  pi_loss: -0.0055  v_loss: 2.5185  entropy: 0.290  idm_loss: 0.4001  sps: 7,180  ETA: 5.2h
  [66.81M / 200M steps]  ep_len: 177.9  reward: +34.221  pi_loss: -0.0062  v_loss: 2.2320  entropy: 0.293  idm_loss: 0.3290  sps: 7,180  ETA: 5.2h
  [67.13M / 200M steps]  ep_len: 188.0  reward: +35.105  pi_loss: +0.0003  v_loss: 2.3668  entropy: 0.295  idm_loss: 0.3602  sps: 7,180  ETA: 5.1h
  [67.46M / 200M steps]  ep_len: 155.0  reward: +29.467  pi_loss: -0.0078  v_loss: 2.2542  entropy: 0.296  idm_loss: 0.3682  sps: 7,181  ETA: 5.1h
  [67.79M / 200M steps]  ep_len: 171.6  reward: +34.971  pi_loss: -0.0056  v_loss: 2.3269  entropy: 0.286  idm_loss: 0.2890  sps: 7,181  ETA: 5.1h
  [Plot] Saved → training_plots/epi_pomp_step_067M.png
  [68.11M / 200M steps]  ep_len: 161.0  reward: +31.001  pi_loss: -0.0065  v_loss: 2.4100  entropy: 0.276  idm_loss: 0.4122  sps: 7,181  ETA: 5.1h
  [68.44M / 200M steps]  ep_len: 169.3  reward: +33.220  pi_loss: -0.0053  v_loss: 2.2145  entropy: 0.274  idm_loss: 0.3863  sps: 7,181  ETA: 5.1h
  [68.76M / 200M steps]  ep_len: 182.3  reward: +35.665  pi_loss: -0.0048  v_loss: 2.1566  entropy: 0.276  idm_loss: 0.3933  sps: 7,181  ETA: 5.1h
  [69.10M / 200M steps]  ep_len: 175.7  reward: +34.305  pi_loss: -0.0067  v_loss: 2.0795  entropy: 0.277  idm_loss: 0.4097  sps: 7,182  ETA: 5.1h
  [69.43M / 200M steps]  ep_len: 209.2  reward: +37.999  pi_loss: -0.0059  v_loss: 1.9060  entropy: 0.282  idm_loss: 0.3046  sps: 7,182  ETA: 5.1h
  [69.75M / 200M steps]  ep_len: 168.9  reward: +33.439  pi_loss: -0.0062  v_loss: 1.9928  entropy: 0.275  idm_loss: 0.3599  sps: 7,182  ETA: 5.0h
  [Plot] Saved → training_plots/epi_pomp_step_069M.png
  [70.09M / 200M steps]  ep_len: 171.2  reward: +32.648  pi_loss: -0.0050  v_loss: 1.9288  entropy: 0.274  idm_loss: 0.4089  sps: 7,181  ETA: 5.0h
  [70.42M / 200M steps]  ep_len: 183.3  reward: +34.618  pi_loss: -0.0050  v_loss: 1.9544  entropy: 0.273  idm_loss: 0.3182  sps: 7,182  ETA: 5.0h
  [70.74M / 200M steps]  ep_len: 175.5  reward: +33.298  pi_loss: -0.0068  v_loss: 1.9635  entropy: 0.266  idm_loss: 0.4308  sps: 7,182  ETA: 5.0h
  [Checkpoint] Saved → final_checkpoints_epi_pomp/step_070M.pt
  [71.07M / 200M steps]  ep_len: 177.2  reward: +35.920  pi_loss: -0.0056  v_loss: 1.9903  entropy: 0.259  idm_loss: 0.3079  sps: 7,182  ETA: 5.0h
  [71.40M / 200M steps]  ep_len: 184.6  reward: +34.917  pi_loss: -0.0048  v_loss: 1.9727  entropy: 0.260  idm_loss: 0.2785  sps: 7,182  ETA: 5.0h
  [71.73M / 200M steps]  ep_len: 160.9  reward: +30.246  pi_loss: -0.0048  v_loss: 2.0180  entropy: 0.254  idm_loss: 0.4120  sps: 7,183  ETA: 5.0h
  [72.05M / 200M steps]  ep_len: 171.3  reward: +34.303  pi_loss: -0.0051  v_loss: 2.1008  entropy: 0.253  idm_loss: 0.3647  sps: 7,183  ETA: 4.9h
  [Plot] Saved → training_plots/epi_pomp_step_072M.png
  [72.37M / 200M steps]  ep_len: 166.0  reward: +31.286  pi_loss: -0.0061  v_loss: 2.1338  entropy: 0.246  idm_loss: 0.3372  sps: 7,182  ETA: 4.9h
  [72.71M / 200M steps]  ep_len: 185.1  reward: +35.480  pi_loss: -0.0069  v_loss: 1.9842  entropy: 0.251  idm_loss: 0.3113  sps: 7,183  ETA: 4.9h
  [73.04M / 200M steps]  ep_len: 163.4  reward: +30.873  pi_loss: -0.0050  v_loss: 2.0230  entropy: 0.250  idm_loss: 0.4170  sps: 7,183  ETA: 4.9h
  [73.36M / 200M steps]  ep_len: 169.7  reward: +31.264  pi_loss: -0.0043  v_loss: 2.0578  entropy: 0.245  idm_loss: 0.3890  sps: 7,183  ETA: 4.9h
  [73.69M / 200M steps]  ep_len: 200.3  reward: +38.519  pi_loss: -0.0050  v_loss: 1.8272  entropy: 0.244  idm_loss: 0.2674  sps: 7,184  ETA: 4.9h
  [74.01M / 200M steps]  ep_len: 179.6  reward: +36.445  pi_loss: -0.0047  v_loss: 2.0344  entropy: 0.236  idm_loss: 0.2974  sps: 7,184  ETA: 4.9h
  [Plot] Saved → training_plots/epi_pomp_step_074M.png
  [74.33M / 200M steps]  ep_len: 166.6  reward: +31.477  pi_loss: -0.0042  v_loss: 1.9327  entropy: 0.236  idm_loss: 0.3983  sps: 7,182  ETA: 4.9h
  [74.65M / 200M steps]  ep_len: 163.2  reward: +30.179  pi_loss: -0.0037  v_loss: 1.9225  entropy: 0.233  idm_loss: 0.3773  sps: 7,183  ETA: 4.8h
  [74.98M / 200M steps]  ep_len: 176.7  reward: +31.868  pi_loss: -0.0047  v_loss: 2.1222  entropy: 0.221  idm_loss: 0.3889  sps: 7,183  ETA: 4.8h
  [75.31M / 200M steps]  ep_len: 172.3  reward: +30.523  pi_loss: -0.0052  v_loss: 2.1436  entropy: 0.220  idm_loss: 0.3560  sps: 7,183  ETA: 4.8h
  [75.63M / 200M steps]  ep_len: 157.9  reward: +28.630  pi_loss: -0.0045  v_loss: 2.3616  entropy: 0.221  idm_loss: 0.3747  sps: 7,184  ETA: 4.8h
  [Checkpoint] Saved → final_checkpoints_epi_pomp/step_075M.pt
  [75.95M / 200M steps]  ep_len: 172.2  reward: +32.321  pi_loss: -0.0050  v_loss: 2.0126  entropy: 0.218  idm_loss: 0.3534  sps: 7,183  ETA: 4.8h
  [76.29M / 200M steps]  ep_len: 167.9  reward: +29.048  pi_loss: -0.0076  v_loss: 2.1253  entropy: 0.218  idm_loss: 0.3688  sps: 7,183  ETA: 4.8h
  [Plot] Saved → training_plots/epi_pomp_step_076M.png
  [76.61M / 200M steps]  ep_len: 184.0  reward: +36.065  pi_loss: -0.0069  v_loss: 2.0535  entropy: 0.220  idm_loss: 0.3164  sps: 7,183  ETA: 4.8h
  [76.93M / 200M steps]  ep_len: 185.8  reward: +35.413  pi_loss: -0.0052  v_loss: 1.9413  entropy: 0.221  idm_loss: 0.3185  sps: 7,183  ETA: 4.8h
  [77.25M / 200M steps]  ep_len: 196.1  reward: +38.911  pi_loss: -0.0050  v_loss: 2.0546  entropy: 0.216  idm_loss: 0.2615  sps: 7,183  ETA: 4.7h
  [77.58M / 200M steps]  ep_len: 200.9  reward: +38.164  pi_loss: -0.0035  v_loss: 2.0292  entropy: 0.221  idm_loss: 0.2614  sps: 7,183  ETA: 4.7h
  [77.91M / 200M steps]  ep_len: 183.5  reward: +34.929  pi_loss: -0.0125  v_loss: 1.8547  entropy: 0.225  idm_loss: 0.2607  sps: 7,184  ETA: 4.7h
  [78.23M / 200M steps]  ep_len: 175.2  reward: +33.031  pi_loss: -0.0048  v_loss: 2.0035  entropy: 0.215  idm_loss: 0.3683  sps: 7,184  ETA: 4.7h
  [Plot] Saved → training_plots/epi_pomp_step_078M.png
  [78.56M / 200M steps]  ep_len: 173.7  reward: +35.325  pi_loss: -0.0038  v_loss: 2.0000  entropy: 0.216  idm_loss: 0.4056  sps: 7,183  ETA: 4.7h
  [78.88M / 200M steps]  ep_len: 202.6  reward: +39.785  pi_loss: -0.0049  v_loss: 1.9168  entropy: 0.215  idm_loss: 0.2370  sps: 7,183  ETA: 4.7h
  [79.21M / 200M steps]  ep_len: 173.8  reward: +33.217  pi_loss: -0.0061  v_loss: 1.9864  entropy: 0.215  idm_loss: 0.2670  sps: 7,183  ETA: 4.7h
  [79.54M / 200M steps]  ep_len: 193.8  reward: +35.189  pi_loss: -0.0043  v_loss: 1.9755  entropy: 0.212  idm_loss: 0.3258  sps: 7,184  ETA: 4.7h
  [79.87M / 200M steps]  ep_len: 194.8  reward: +36.476  pi_loss: -0.0047  v_loss: 1.8755  entropy: 0.212  idm_loss: 0.2109  sps: 7,184  ETA: 4.6h
  [80.20M / 200M steps]  ep_len: 168.5  reward: +30.418  pi_loss: -0.0045  v_loss: 2.0045  entropy: 0.208  idm_loss: 0.3530  sps: 7,185  ETA: 4.6h
  [80.52M / 200M steps]  ep_len: 187.5  reward: +36.861  pi_loss: -0.0041  v_loss: 1.9957  entropy: 0.208  idm_loss: 0.4013  sps: 7,185  ETA: 4.6h
  [Plot] Saved → training_plots/epi_pomp_step_080M.png
  [80.83M / 200M steps]  ep_len: 182.2  reward: +35.636  pi_loss: -0.0046  v_loss: 1.9032  entropy: 0.211  idm_loss: 0.2640  sps: 7,184  ETA: 4.6h
  [Checkpoint] Saved → final_checkpoints_epi_pomp/step_080M.pt
  [81.15M / 200M steps]  ep_len: 179.8  reward: +36.386  pi_loss: -0.0047  v_loss: 1.9588  entropy: 0.207  idm_loss: 0.3622  sps: 7,183  ETA: 4.6h
  [81.46M / 200M steps]  ep_len: 179.3  reward: +34.128  pi_loss: -0.0055  v_loss: 1.9663  entropy: 0.204  idm_loss: 0.3964  sps: 7,183  ETA: 4.6h
  [81.79M / 200M steps]  ep_len: 176.7  reward: +35.787  pi_loss: +0.0055  v_loss: 2.2749  entropy: 0.197  idm_loss: 0.3581  sps: 7,183  ETA: 4.6h
  [82.12M / 200M steps]  ep_len: 179.5  reward: +35.775  pi_loss: -0.0035  v_loss: 2.2818  entropy: 0.196  idm_loss: 0.2971  sps: 7,183  ETA: 4.6h
  [82.44M / 200M steps]  ep_len: 192.0  reward: +38.865  pi_loss: -0.0036  v_loss: 2.1727  entropy: 0.193  idm_loss: 0.2600  sps: 7,183  ETA: 4.5h
  [Plot] Saved → training_plots/epi_pomp_step_082M.png
  [82.77M / 200M steps]  ep_len: 183.9  reward: +32.758  pi_loss: -0.0057  v_loss: 2.0499  entropy: 0.196  idm_loss: 0.3797  sps: 7,183  ETA: 4.5h
  [83.10M / 200M steps]  ep_len: 179.7  reward: +37.348  pi_loss: -0.0052  v_loss: 2.0569  entropy: 0.197  idm_loss: 0.3997  sps: 7,183  ETA: 4.5h
  [83.42M / 200M steps]  ep_len: 191.8  reward: +37.916  pi_loss: -0.0046  v_loss: 1.9540  entropy: 0.195  idm_loss: 0.2780  sps: 7,184  ETA: 4.5h
  [83.74M / 200M steps]  ep_len: 173.0  reward: +32.328  pi_loss: -0.0046  v_loss: 2.0373  entropy: 0.195  idm_loss: 0.3701  sps: 7,184  ETA: 4.5h
  [84.07M / 200M steps]  ep_len: 168.9  reward: +32.626  pi_loss: -0.0011  v_loss: 2.0313  entropy: 0.195  idm_loss: 0.2392  sps: 7,184  ETA: 4.5h
  [84.39M / 200M steps]  ep_len: 195.1  reward: +37.141  pi_loss: -0.0052  v_loss: 1.9446  entropy: 0.192  idm_loss: 0.2310  sps: 7,184  ETA: 4.5h
  [84.71M / 200M steps]  ep_len: 176.4  reward: +34.652  pi_loss: -0.0043  v_loss: 2.0316  entropy: 0.189  idm_loss: 0.4183  sps: 7,184  ETA: 4.5h
  [Plot] Saved → training_plots/epi_pomp_step_084M.png
  [85.03M / 200M steps]  ep_len: 177.0  reward: +34.894  pi_loss: -0.0035  v_loss: 2.0637  entropy: 0.187  idm_loss: 0.2367  sps: 7,183  ETA: 4.4h
  [85.36M / 200M steps]  ep_len: 180.5  reward: +33.620  pi_loss: -0.0036  v_loss: 2.0636  entropy: 0.181  idm_loss: 0.3992  sps: 7,184  ETA: 4.4h
  [85.69M / 200M steps]  ep_len: 204.4  reward: +39.047  pi_loss: -0.0065  v_loss: 1.8089  entropy: 0.187  idm_loss: 0.2219  sps: 7,184  ETA: 4.4h
  [Checkpoint] Saved → final_checkpoints_epi_pomp/step_085M.pt
  [86.02M / 200M steps]  ep_len: 188.5  reward: +37.141  pi_loss: -0.0047  v_loss: 1.8255  entropy: 0.187  idm_loss: 0.2361  sps: 7,184  ETA: 4.4h
  [86.34M / 200M steps]  ep_len: 189.7  reward: +35.739  pi_loss: -0.0066  v_loss: 1.8095  entropy: 0.183  idm_loss: 0.4206  sps: 7,184  ETA: 4.4h
  [86.66M / 200M steps]  ep_len: 205.6  reward: +38.819  pi_loss: -0.0147  v_loss: 1.7368  entropy: 0.183  idm_loss: 0.3945  sps: 7,183  ETA: 4.4h
  [Plot] Saved → training_plots/epi_pomp_step_086M.png
  [86.99M / 200M steps]  ep_len: 177.0  reward: +33.005  pi_loss: -0.0063  v_loss: 1.7374  entropy: 0.186  idm_loss: 0.3917  sps: 7,183  ETA: 4.4h
  [87.33M / 200M steps]  ep_len: 185.9  reward: +32.683  pi_loss: -0.0052  v_loss: 1.7214  entropy: 0.188  idm_loss: 0.2142  sps: 7,183  ETA: 4.4h
  [87.65M / 200M steps]  ep_len: 176.1  reward: +33.510  pi_loss: -0.0051  v_loss: 1.8012  entropy: 0.190  idm_loss: 0.2588  sps: 7,183  ETA: 4.3h
  [87.98M / 200M steps]  ep_len: 213.6  reward: +40.964  pi_loss: -0.0052  v_loss: 1.8051  entropy: 0.184  idm_loss: 0.2289  sps: 7,184  ETA: 4.3h
  [88.31M / 200M steps]  ep_len: 175.9  reward: +34.636  pi_loss: -0.0045  v_loss: 1.8768  entropy: 0.184  idm_loss: 0.2791  sps: 7,184  ETA: 4.3h
  [88.64M / 200M steps]  ep_len: 190.1  reward: +36.748  pi_loss: -0.0017  v_loss: 1.9915  entropy: 0.181  idm_loss: 0.1994  sps: 7,184  ETA: 4.3h
  [88.96M / 200M steps]  ep_len: 163.7  reward: +32.356  pi_loss: -0.0034  v_loss: 2.0226  entropy: 0.180  idm_loss: 0.4302  sps: 7,184  ETA: 4.3h
  [Plot] Saved → training_plots/epi_pomp_step_088M.png
  [89.29M / 200M steps]  ep_len: 196.8  reward: +43.238  pi_loss: -0.0046  v_loss: 1.9357  entropy: 0.179  idm_loss: 0.2225  sps: 7,184  ETA: 4.3h
  [89.62M / 200M steps]  ep_len: 174.6  reward: +34.451  pi_loss: -0.0045  v_loss: 2.2690  entropy: 0.174  idm_loss: 0.2281  sps: 7,184  ETA: 4.3h
  [89.96M / 200M steps]  ep_len: 188.6  reward: +36.049  pi_loss: -0.0178  v_loss: 2.0990  entropy: 0.174  idm_loss: 0.2019  sps: 7,184  ETA: 4.3h
  [90.28M / 200M steps]  ep_len: 168.9  reward: +33.687  pi_loss: -0.0042  v_loss: 2.1103  entropy: 0.172  idm_loss: 0.4063  sps: 7,184  ETA: 4.2h
  [90.60M / 200M steps]  ep_len: 207.1  reward: +39.281  pi_loss: -0.0040  v_loss: 1.9203  entropy: 0.173  idm_loss: 0.2489  sps: 7,184  ETA: 4.2h
  [90.93M / 200M steps]  ep_len: 212.6  reward: +37.947  pi_loss: -0.0024  v_loss: 1.8635  entropy: 0.173  idm_loss: 0.2096  sps: 7,185  ETA: 4.2h
  [Checkpoint] Saved → final_checkpoints_epi_pomp/step_090M.pt
  [Plot] Saved → training_plots/epi_pomp_step_091M.png
  [91.25M / 200M steps]  ep_len: 193.5  reward: +37.644  pi_loss: -0.0050  v_loss: 1.8276  entropy: 0.174  idm_loss: 0.3648  sps: 7,184  ETA: 4.2h
  [91.57M / 200M steps]  ep_len: 201.1  reward: +38.324  pi_loss: -0.0031  v_loss: 1.7946  entropy: 0.172  idm_loss: 0.2030  sps: 7,184  ETA: 4.2h
  [91.89M / 200M steps]  ep_len: 182.2  reward: +34.811  pi_loss: -0.0047  v_loss: 1.8496  entropy: 0.167  idm_loss: 0.2750  sps: 7,184  ETA: 4.2h
  [92.23M / 200M steps]  ep_len: 196.3  reward: +37.946  pi_loss: -0.0037  v_loss: 1.7801  entropy: 0.167  idm_loss: 0.2560  sps: 7,184  ETA: 4.2h
  [92.55M / 200M steps]  ep_len: 169.0  reward: +32.891  pi_loss: +0.0018  v_loss: 1.8721  entropy: 0.166  idm_loss: 0.3745  sps: 7,184  ETA: 4.2h
  [92.88M / 200M steps]  ep_len: 173.2  reward: +34.299  pi_loss: -0.0058  v_loss: 1.8877  entropy: 0.166  idm_loss: 0.2203  sps: 7,184  ETA: 4.1h
  [93.20M / 200M steps]  ep_len: 179.9  reward: +32.701  pi_loss: -0.0035  v_loss: 1.7291  entropy: 0.171  idm_loss: 0.4248  sps: 7,185  ETA: 4.1h
  [Plot] Saved → training_plots/epi_pomp_step_093M.png
  [93.52M / 200M steps]  ep_len: 201.2  reward: +37.944  pi_loss: -0.0053  v_loss: 1.7235  entropy: 0.166  idm_loss: 0.1937  sps: 7,184  ETA: 4.1h
  [93.85M / 200M steps]  ep_len: 189.2  reward: +35.986  pi_loss: -0.0041  v_loss: 1.7584  entropy: 0.164  idm_loss: 0.2658  sps: 7,184  ETA: 4.1h
  [94.17M / 200M steps]  ep_len: 169.1  reward: +31.928  pi_loss: -0.0048  v_loss: 1.7350  entropy: 0.166  idm_loss: 0.4253  sps: 7,184  ETA: 4.1h
  [94.50M / 200M steps]  ep_len: 184.3  reward: +36.497  pi_loss: +0.0050  v_loss: 1.7132  entropy: 0.162  idm_loss: 0.2011  sps: 7,185  ETA: 4.1h
  [94.83M / 200M steps]  ep_len: 218.3  reward: +41.268  pi_loss: -0.0046  v_loss: 1.7417  entropy: 0.161  idm_loss: 0.1878  sps: 7,185  ETA: 4.1h
  [95.15M / 200M steps]  ep_len: 188.2  reward: +36.441  pi_loss: -0.0039  v_loss: 1.5946  entropy: 0.156  idm_loss: 0.3636  sps: 7,185  ETA: 4.1h
  [Plot] Saved → training_plots/epi_pomp_step_095M.png
  [95.48M / 200M steps]  ep_len: 200.1  reward: +38.372  pi_loss: -0.0035  v_loss: 1.6525  entropy: 0.157  idm_loss: 0.1916  sps: 7,185  ETA: 4.0h
  [95.81M / 200M steps]  ep_len: 215.6  reward: +39.104  pi_loss: -0.0031  v_loss: 1.5496  entropy: 0.155  idm_loss: 0.1989  sps: 7,185  ETA: 4.0h
  [Checkpoint] Saved → final_checkpoints_epi_pomp/step_095M.pt
  [96.13M / 200M steps]  ep_len: 177.3  reward: +34.138  pi_loss: -0.0041  v_loss: 1.6644  entropy: 0.154  idm_loss: 0.3568  sps: 7,184  ETA: 4.0h
  [96.45M / 200M steps]  ep_len: 182.3  reward: +36.121  pi_loss: -0.0055  v_loss: 1.6813  entropy: 0.149  idm_loss: 0.3512  sps: 7,184  ETA: 4.0h
  [96.78M / 200M steps]  ep_len: 187.7  reward: +36.825  pi_loss: -0.0048  v_loss: 1.6677  entropy: 0.150  idm_loss: 0.2294  sps: 7,184  ETA: 4.0h
  [97.10M / 200M steps]  ep_len: 181.4  reward: +36.940  pi_loss: -0.0045  v_loss: 1.7349  entropy: 0.150  idm_loss: 0.3967  sps: 7,185  ETA: 4.0h
  [97.43M / 200M steps]  ep_len: 190.9  reward: +37.440  pi_loss: -0.0044  v_loss: 1.5603  entropy: 0.148  idm_loss: 0.2307  sps: 7,185  ETA: 4.0h
  [Plot] Saved → training_plots/epi_pomp_step_097M.png
  [97.76M / 200M steps]  ep_len: 194.3  reward: +40.518  pi_loss: -0.0061  v_loss: 1.5906  entropy: 0.149  idm_loss: 0.4205  sps: 7,184  ETA: 4.0h
  [98.08M / 200M steps]  ep_len: 198.4  reward: +39.900  pi_loss: -0.0047  v_loss: 1.6001  entropy: 0.149  idm_loss: 0.2117  sps: 7,185  ETA: 3.9h
  [98.41M / 200M steps]  ep_len: 191.3  reward: +36.147  pi_loss: -0.0061  v_loss: 1.5749  entropy: 0.148  idm_loss: 0.2127  sps: 7,185  ETA: 3.9h
  [98.74M / 200M steps]  ep_len: 181.8  reward: +33.897  pi_loss: -0.0045  v_loss: 1.5418  entropy: 0.144  idm_loss: 0.3022  sps: 7,185  ETA: 3.9h
  [99.06M / 200M steps]  ep_len: 202.9  reward: +40.629  pi_loss: -0.0037  v_loss: 1.6038  entropy: 0.147  idm_loss: 0.2117  sps: 7,185  ETA: 3.9h
  [99.39M / 200M steps]  ep_len: 195.0  reward: +39.144  pi_loss: -0.0047  v_loss: 1.6178  entropy: 0.146  idm_loss: 0.1738  sps: 7,185  ETA: 3.9h
  [Plot] Saved → training_plots/epi_pomp_step_099M.png
  [99.71M / 200M steps]  ep_len: 192.9  reward: +37.767  pi_loss: -0.0045  v_loss: 1.5885  entropy: 0.144  idm_loss: 0.2917  sps: 7,185  ETA: 3.9h
  [100.04M / 200M steps]  ep_len: 193.7  reward: +38.452  pi_loss: -0.0126  v_loss: 1.6096  entropy: 0.146  idm_loss: 0.2592  sps: 7,185  ETA: 3.9h
  [100.36M / 200M steps]  ep_len: 181.7  reward: +36.323  pi_loss: -0.0002  v_loss: 1.7237  entropy: 0.148  idm_loss: 0.2728  sps: 7,185  ETA: 3.9h
  [100.70M / 200M steps]  ep_len: 192.9  reward: +36.275  pi_loss: -0.0041  v_loss: 1.7067  entropy: 0.145  idm_loss: 0.2214  sps: 7,185  ETA: 3.8h
  [101.02M / 200M steps]  ep_len: 182.3  reward: +35.800  pi_loss: -0.0037  v_loss: 1.7100  entropy: 0.144  idm_loss: 0.3624  sps: 7,185  ETA: 3.8h
  [Checkpoint] Saved → final_checkpoints_epi_pomp/step_101M.pt
  [101.35M / 200M steps]  ep_len: 197.0  reward: +40.784  pi_loss: -0.0034  v_loss: 1.6954  entropy: 0.147  idm_loss: 0.2546  sps: 7,185  ETA: 3.8h
  [101.68M / 200M steps]  ep_len: 180.3  reward: +34.827  pi_loss: -0.0057  v_loss: 1.6315  entropy: 0.150  idm_loss: 0.2095  sps: 7,185  ETA: 3.8h
  [Plot] Saved → training_plots/epi_pomp_step_101M.png
  [102.01M / 200M steps]  ep_len: 172.9  reward: +35.483  pi_loss: -0.0053  v_loss: 1.5830  entropy: 0.150  idm_loss: 0.3677  sps: 7,185  ETA: 3.8h
  [102.33M / 200M steps]  ep_len: 186.5  reward: +34.844  pi_loss: -0.0055  v_loss: 1.5663  entropy: 0.149  idm_loss: 0.2073  sps: 7,185  ETA: 3.8h
  [102.65M / 200M steps]  ep_len: 180.2  reward: +34.781  pi_loss: -0.0035  v_loss: 1.6782  entropy: 0.149  idm_loss: 0.2454  sps: 7,185  ETA: 3.8h
  [102.98M / 200M steps]  ep_len: 169.9  reward: +36.461  pi_loss: -0.0040  v_loss: 1.6438  entropy: 0.148  idm_loss: 0.2433  sps: 7,185  ETA: 3.8h
  [103.31M / 200M steps]  ep_len: 198.3  reward: +38.994  pi_loss: +0.0013  v_loss: 1.5413  entropy: 0.146  idm_loss: 0.1658  sps: 7,185  ETA: 3.7h
  [103.64M / 200M steps]  ep_len: 181.6  reward: +38.622  pi_loss: -0.0048  v_loss: 1.5892  entropy: 0.141  idm_loss: 0.2345  sps: 7,185  ETA: 3.7h
  [Plot] Saved → training_plots/epi_pomp_step_103M.png
  [103.97M / 200M steps]  ep_len: 197.5  reward: +38.226  pi_loss: -0.0052  v_loss: 1.5366  entropy: 0.141  idm_loss: 0.2028  sps: 7,185  ETA: 3.7h
  [104.29M / 200M steps]  ep_len: 205.5  reward: +40.022  pi_loss: -0.0041  v_loss: 1.5790  entropy: 0.142  idm_loss: 0.1687  sps: 7,185  ETA: 3.7h
  [104.61M / 200M steps]  ep_len: 184.6  reward: +37.439  pi_loss: +0.0013  v_loss: 1.6562  entropy: 0.139  idm_loss: 0.1837  sps: 7,185  ETA: 3.7h
  [104.95M / 200M steps]  ep_len: 222.2  reward: +41.791  pi_loss: -0.0042  v_loss: 1.5654  entropy: 0.134  idm_loss: 0.1539  sps: 7,185  ETA: 3.7h
  [105.27M / 200M steps]  ep_len: 178.0  reward: +35.538  pi_loss: -0.0044  v_loss: 1.6307  entropy: 0.136  idm_loss: 0.2026  sps: 7,185  ETA: 3.7h
  [105.59M / 200M steps]  ep_len: 194.4  reward: +37.058  pi_loss: -0.0035  v_loss: 1.5784  entropy: 0.135  idm_loss: 0.2211  sps: 7,185  ETA: 3.6h
  [105.91M / 200M steps]  ep_len: 210.2  reward: +39.918  pi_loss: -0.0042  v_loss: 1.6564  entropy: 0.136  idm_loss: 0.1456  sps: 7,185  ETA: 3.6h
  [Plot] Saved → training_plots/epi_pomp_step_105M.png
  [Checkpoint] Saved → final_checkpoints_epi_pomp/step_106M.pt
  [106.24M / 200M steps]  ep_len: 200.5  reward: +42.135  pi_loss: -0.0046  v_loss: 1.6313  entropy: 0.134  idm_loss: 0.2010  sps: 7,184  ETA: 3.6h
  [106.56M / 200M steps]  ep_len: 182.0  reward: +37.175  pi_loss: -0.0044  v_loss: 1.5965  entropy: 0.136  idm_loss: 0.1670  sps: 7,184  ETA: 3.6h
  [106.88M / 200M steps]  ep_len: 192.7  reward: +36.412  pi_loss: -0.0044  v_loss: 1.5840  entropy: 0.140  idm_loss: 0.2304  sps: 7,184  ETA: 3.6h
  [107.21M / 200M steps]  ep_len: 199.3  reward: +39.807  pi_loss: -0.0044  v_loss: 1.5890  entropy: 0.143  idm_loss: 0.1901  sps: 7,185  ETA: 3.6h
  [107.51M / 200M steps]  ep_len: 195.3  reward: +38.990  pi_loss: -0.0064  v_loss: 1.6061  entropy: 0.143  idm_loss: 0.2224  sps: 7,184  ETA: 3.6h
  [107.84M / 200M steps]  ep_len: 188.7  reward: +36.840  pi_loss: -0.0041  v_loss: 1.5715  entropy: 0.146  idm_loss: 0.2398  sps: 7,185  ETA: 3.6h
  [Plot] Saved → training_plots/epi_pomp_step_108M.png
  [108.17M / 200M steps]  ep_len: 197.4  reward: +39.144  pi_loss: -0.0050  v_loss: 1.5023  entropy: 0.146  idm_loss: 0.1624  sps: 7,184  ETA: 3.6h
  [108.49M / 200M steps]  ep_len: 190.5  reward: +36.260  pi_loss: -0.0052  v_loss: 1.5097  entropy: 0.147  idm_loss: 0.2231  sps: 7,184  ETA: 3.5h
  [108.82M / 200M steps]  ep_len: 199.1  reward: +37.809  pi_loss: -0.0049  v_loss: 1.5482  entropy: 0.143  idm_loss: 0.1342  sps: 7,185  ETA: 3.5h
  [109.15M / 200M steps]  ep_len: 189.3  reward: +36.262  pi_loss: -0.0047  v_loss: 1.5343  entropy: 0.146  idm_loss: 0.2110  sps: 7,185  ETA: 3.5h
  [109.47M / 200M steps]  ep_len: 201.9  reward: +37.359  pi_loss: -0.0040  v_loss: 1.4989  entropy: 0.143  idm_loss: 0.2531  sps: 7,185  ETA: 3.5h
  [109.80M / 200M steps]  ep_len: 196.1  reward: +35.891  pi_loss: -0.0039  v_loss: 1.5174  entropy: 0.141  idm_loss: 0.1570  sps: 7,185  ETA: 3.5h
  [110.13M / 200M steps]  ep_len: 189.0  reward: +37.487  pi_loss: -0.0044  v_loss: 1.6652  entropy: 0.141  idm_loss: 0.1563  sps: 7,185  ETA: 3.5h
  [Plot] Saved → training_plots/epi_pomp_step_110M.png
  [110.44M / 200M steps]  ep_len: 185.2  reward: +38.038  pi_loss: -0.0050  v_loss: 1.6414  entropy: 0.141  idm_loss: 0.1715  sps: 7,184  ETA: 3.5h
  [110.77M / 200M steps]  ep_len: 192.8  reward: +36.201  pi_loss: -0.0035  v_loss: 1.5984  entropy: 0.138  idm_loss: 0.1786  sps: 7,185  ETA: 3.4h
  [111.10M / 200M steps]  ep_len: 212.8  reward: +42.827  pi_loss: -0.0032  v_loss: 1.6696  entropy: 0.136  idm_loss: 0.1331  sps: 7,185  ETA: 3.4h
  [Checkpoint] Saved → final_checkpoints_epi_pomp/step_111M.pt
  [111.41M / 200M steps]  ep_len: 192.5  reward: +38.535  pi_loss: -0.0052  v_loss: 1.6330  entropy: 0.136  idm_loss: 0.1786  sps: 7,184  ETA: 3.4h
  [111.73M / 200M steps]  ep_len: 226.6  reward: +43.863  pi_loss: -0.0048  v_loss: 1.5986  entropy: 0.136  idm_loss: 0.2434  sps: 7,184  ETA: 3.4h
  [112.05M / 200M steps]  ep_len: 175.7  reward: +37.166  pi_loss: -0.0050  v_loss: 1.7003  entropy: 0.137  idm_loss: 0.2766  sps: 7,184  ETA: 3.4h
  [Plot] Saved → training_plots/epi_pomp_step_112M.png
  [112.37M / 200M steps]  ep_len: 219.7  reward: +40.077  pi_loss: -0.0040  v_loss: 1.6269  entropy: 0.133  idm_loss: 0.1350  sps: 7,184  ETA: 3.4h
  [112.70M / 200M steps]  ep_len: 201.0  reward: +39.514  pi_loss: -0.0032  v_loss: 1.6759  entropy: 0.134  idm_loss: 0.1537  sps: 7,184  ETA: 3.4h
  [113.02M / 200M steps]  ep_len: 177.5  reward: +34.976  pi_loss: -0.0052  v_loss: 1.7101  entropy: 0.135  idm_loss: 0.1733  sps: 7,184  ETA: 3.4h
  [113.34M / 200M steps]  ep_len: 196.4  reward: +37.774  pi_loss: -0.0052  v_loss: 1.7094  entropy: 0.137  idm_loss: 0.1510  sps: 7,184  ETA: 3.4h
  [113.68M / 200M steps]  ep_len: 190.1  reward: +37.406  pi_loss: -0.0049  v_loss: 1.6805  entropy: 0.137  idm_loss: 0.1922  sps: 7,184  ETA: 3.3h
  [114.00M / 200M steps]  ep_len: 210.9  reward: +41.081  pi_loss: -0.0053  v_loss: 1.7933  entropy: 0.136  idm_loss: 0.2325  sps: 7,185  ETA: 3.3h
  [114.33M / 200M steps]  ep_len: 210.5  reward: +39.086  pi_loss: -0.0033  v_loss: 1.7876  entropy: 0.141  idm_loss: 0.2093  sps: 7,185  ETA: 3.3h
  [Plot] Saved → training_plots/epi_pomp_step_114M.png
  [114.66M / 200M steps]  ep_len: 200.7  reward: +41.602  pi_loss: +0.0012  v_loss: 1.7393  entropy: 0.139  idm_loss: 0.1609  sps: 7,184  ETA: 3.3h
  [114.99M / 200M steps]  ep_len: 215.2  reward: +43.575  pi_loss: -0.0045  v_loss: 1.6826  entropy: 0.133  idm_loss: 0.1613  sps: 7,185  ETA: 3.3h
  [115.31M / 200M steps]  ep_len: 229.8  reward: +44.369  pi_loss: -0.0196  v_loss: 1.6715  entropy: 0.132  idm_loss: 0.1646  sps: 7,185  ETA: 3.3h
  [115.64M / 200M steps]  ep_len: 191.9  reward: +38.242  pi_loss: -0.0030  v_loss: 1.6265  entropy: 0.131  idm_loss: 0.1369  sps: 7,185  ETA: 3.3h
  [115.97M / 200M steps]  ep_len: 211.2  reward: +41.005  pi_loss: -0.0031  v_loss: 1.7809  entropy: 0.132  idm_loss: 0.1761  sps: 7,185  ETA: 3.2h
  [Checkpoint] Saved → final_checkpoints_epi_pomp/step_116M.pt
  [116.29M / 200M steps]  ep_len: 183.3  reward: +37.212  pi_loss: -0.0051  v_loss: 1.7888  entropy: 0.133  idm_loss: 0.1535  sps: 7,185  ETA: 3.2h
  [Plot] Saved → training_plots/epi_pomp_step_116M.png
  [116.62M / 200M steps]  ep_len: 194.5  reward: +38.655  pi_loss: -0.0038  v_loss: 1.7560  entropy: 0.130  idm_loss: 0.1506  sps: 7,184  ETA: 3.2h
  [116.95M / 200M steps]  ep_len: 199.8  reward: +39.491  pi_loss: -0.0032  v_loss: 1.7540  entropy: 0.127  idm_loss: 0.1851  sps: 7,185  ETA: 3.2h
  [117.26M / 200M steps]  ep_len: 202.9  reward: +37.783  pi_loss: -0.0039  v_loss: 1.7954  entropy: 0.126  idm_loss: 0.2009  sps: 7,184  ETA: 3.2h
  [117.57M / 200M steps]  ep_len: 188.4  reward: +38.797  pi_loss: -0.0044  v_loss: 1.8857  entropy: 0.127  idm_loss: 0.2181  sps: 7,184  ETA: 3.2h
  [117.91M / 200M steps]  ep_len: 198.4  reward: +39.239  pi_loss: -0.0016  v_loss: 1.7605  entropy: 0.127  idm_loss: 0.2184  sps: 7,185  ETA: 3.2h
  [118.24M / 200M steps]  ep_len: 205.5  reward: +39.866  pi_loss: -0.0043  v_loss: 1.7823  entropy: 0.126  idm_loss: 0.1337  sps: 7,185  ETA: 3.2h
  [118.56M / 200M steps]  ep_len: 198.1  reward: +36.646  pi_loss: -0.0043  v_loss: 1.8696  entropy: 0.127  idm_loss: 0.2239  sps: 7,185  ETA: 3.1h
  [Plot] Saved → training_plots/epi_pomp_step_118M.png
  [118.90M / 200M steps]  ep_len: 209.5  reward: +39.213  pi_loss: -0.0059  v_loss: 1.7637  entropy: 0.124  idm_loss: 0.1770  sps: 7,185  ETA: 3.1h
  [119.22M / 200M steps]  ep_len: 196.0  reward: +38.286  pi_loss: -0.0043  v_loss: 1.8292  entropy: 0.126  idm_loss: 0.1723  sps: 7,185  ETA: 3.1h
  [119.55M / 200M steps]  ep_len: 199.6  reward: +38.037  pi_loss: -0.0073  v_loss: 1.8666  entropy: 0.123  idm_loss: 0.1553  sps: 7,185  ETA: 3.1h
  [119.87M / 200M steps]  ep_len: 208.6  reward: +42.199  pi_loss: -0.0042  v_loss: 1.7824  entropy: 0.124  idm_loss: 0.1493  sps: 7,185  ETA: 3.1h
  [120.18M / 200M steps]  ep_len: 198.5  reward: +38.725  pi_loss: -0.0045  v_loss: 1.7290  entropy: 0.123  idm_loss: 0.2543  sps: 7,185  ETA: 3.1h
  [120.51M / 200M steps]  ep_len: 209.4  reward: +42.271  pi_loss: -0.0033  v_loss: 1.7047  entropy: 0.123  idm_loss: 0.1615  sps: 7,185  ETA: 3.1h
  [Plot] Saved → training_plots/epi_pomp_step_120M.png
  [120.84M / 200M steps]  ep_len: 218.7  reward: +41.226  pi_loss: -0.0044  v_loss: 1.6118  entropy: 0.121  idm_loss: 0.1339  sps: 7,185  ETA: 3.1h
  [121.16M / 200M steps]  ep_len: 207.6  reward: +41.847  pi_loss: -0.0042  v_loss: 1.6329  entropy: 0.122  idm_loss: 0.2236  sps: 7,185  ETA: 3.0h
  [Checkpoint] Saved → final_checkpoints_epi_pomp/step_121M.pt
  [121.49M / 200M steps]  ep_len: 227.5  reward: +42.707  pi_loss: -0.0023  v_loss: 1.6323  entropy: 0.122  idm_loss: 0.1881  sps: 7,185  ETA: 3.0h
  [121.81M / 200M steps]  ep_len: 203.1  reward: +41.698  pi_loss: -0.0047  v_loss: 1.6382  entropy: 0.126  idm_loss: 0.2369  sps: 7,185  ETA: 3.0h
  [122.13M / 200M steps]  ep_len: 207.0  reward: +40.056  pi_loss: -0.0047  v_loss: 1.6953  entropy: 0.126  idm_loss: 0.1702  sps: 7,185  ETA: 3.0h
  [122.46M / 200M steps]  ep_len: 228.9  reward: +45.207  pi_loss: -0.0049  v_loss: 1.6906  entropy: 0.124  idm_loss: 0.1309  sps: 7,185  ETA: 3.0h
  [122.78M / 200M steps]  ep_len: 199.7  reward: +43.079  pi_loss: -0.0048  v_loss: 1.6745  entropy: 0.124  idm_loss: 0.1252  sps: 7,185  ETA: 3.0h
  [Plot] Saved → training_plots/epi_pomp_step_122M.png
  [123.11M / 200M steps]  ep_len: 211.4  reward: +40.663  pi_loss: -0.0016  v_loss: 1.6247  entropy: 0.120  idm_loss: 0.1816  sps: 7,184  ETA: 3.0h
  [123.43M / 200M steps]  ep_len: 208.4  reward: +42.299  pi_loss: -0.0045  v_loss: 1.7040  entropy: 0.121  idm_loss: 0.1548  sps: 7,185  ETA: 3.0h
  [123.76M / 200M steps]  ep_len: 200.2  reward: +40.514  pi_loss: -0.0046  v_loss: 1.7100  entropy: 0.122  idm_loss: 0.1294  sps: 7,185  ETA: 2.9h
  [124.08M / 200M steps]  ep_len: 214.4  reward: +41.774  pi_loss: -0.0053  v_loss: 1.7491  entropy: 0.123  idm_loss: 0.1719  sps: 7,185  ETA: 2.9h
  [124.40M / 200M steps]  ep_len: 193.9  reward: +38.250  pi_loss: -0.0047  v_loss: 1.7638  entropy: 0.123  idm_loss: 0.1624  sps: 7,185  ETA: 2.9h
  [124.73M / 200M steps]  ep_len: 220.3  reward: +43.484  pi_loss: -0.0034  v_loss: 1.6949  entropy: 0.125  idm_loss: 0.1339  sps: 7,185  ETA: 2.9h
  [Plot] Saved → training_plots/epi_pomp_step_124M.png
  [125.06M / 200M steps]  ep_len: 207.2  reward: +42.300  pi_loss: -0.0047  v_loss: 1.7907  entropy: 0.124  idm_loss: 0.1785  sps: 7,185  ETA: 2.9h
  [125.38M / 200M steps]  ep_len: 207.7  reward: +40.982  pi_loss: -0.0044  v_loss: 1.7236  entropy: 0.120  idm_loss: 0.1668  sps: 7,185  ETA: 2.9h
  [125.71M / 200M steps]  ep_len: 227.1  reward: +44.316  pi_loss: -0.0040  v_loss: 1.7717  entropy: 0.123  idm_loss: 0.1426  sps: 7,185  ETA: 2.9h
  [126.05M / 200M steps]  ep_len: 203.8  reward: +42.040  pi_loss: -0.0046  v_loss: 1.7574  entropy: 0.121  idm_loss: 0.1587  sps: 7,185  ETA: 2.9h
  [Checkpoint] Saved → final_checkpoints_epi_pomp/step_126M.pt
  [126.37M / 200M steps]  ep_len: 214.9  reward: +41.517  pi_loss: -0.0044  v_loss: 1.7741  entropy: 0.122  idm_loss: 0.1674  sps: 7,184  ETA: 2.8h
  [126.70M / 200M steps]  ep_len: 205.0  reward: +40.122  pi_loss: -0.0048  v_loss: 1.8559  entropy: 0.126  idm_loss: 0.1461  sps: 7,185  ETA: 2.8h
  [127.02M / 200M steps]  ep_len: 199.6  reward: +40.448  pi_loss: -0.0047  v_loss: 1.9247  entropy: 0.124  idm_loss: 0.1548  sps: 7,185  ETA: 2.8h
  [Plot] Saved → training_plots/epi_pomp_step_127M.png
  [127.34M / 200M steps]  ep_len: 198.1  reward: +37.160  pi_loss: -0.0042  v_loss: 1.8517  entropy: 0.120  idm_loss: 0.1751  sps: 7,184  ETA: 2.8h
  [127.67M / 200M steps]  ep_len: 239.3  reward: +43.576  pi_loss: -0.0034  v_loss: 1.7271  entropy: 0.115  idm_loss: 0.1300  sps: 7,184  ETA: 2.8h
  [127.98M / 200M steps]  ep_len: 220.2  reward: +43.119  pi_loss: -0.0163  v_loss: 1.7525  entropy: 0.116  idm_loss: 0.1828  sps: 7,184  ETA: 2.8h
  [128.32M / 200M steps]  ep_len: 207.2  reward: +41.712  pi_loss: -0.0040  v_loss: 1.7235  entropy: 0.114  idm_loss: 0.1486  sps: 7,184  ETA: 2.8h
  [128.64M / 200M steps]  ep_len: 241.9  reward: +47.724  pi_loss: -0.0038  v_loss: 1.6896  entropy: 0.116  idm_loss: 0.1586  sps: 7,185  ETA: 2.8h
  [128.96M / 200M steps]  ep_len: 229.0  reward: +44.917  pi_loss: -0.0013  v_loss: 1.8489  entropy: 0.114  idm_loss: 0.2054  sps: 7,185  ETA: 2.7h
  [Plot] Saved → training_plots/epi_pomp_step_129M.png
  [129.29M / 200M steps]  ep_len: 205.5  reward: +36.802  pi_loss: -0.0040  v_loss: 1.8613  entropy: 0.114  idm_loss: 0.2102  sps: 7,184  ETA: 2.7h
  [129.61M / 200M steps]  ep_len: 210.3  reward: +40.582  pi_loss: -0.0039  v_loss: 1.8053  entropy: 0.116  idm_loss: 0.1428  sps: 7,184  ETA: 2.7h
  [129.93M / 200M steps]  ep_len: 208.9  reward: +40.240  pi_loss: -0.0041  v_loss: 1.8867  entropy: 0.116  idm_loss: 0.1394  sps: 7,185  ETA: 2.7h
  [130.26M / 200M steps]  ep_len: 214.5  reward: +41.583  pi_loss: -0.0007  v_loss: 1.8572  entropy: 0.114  idm_loss: 0.1416  sps: 7,185  ETA: 2.7h
  [130.58M / 200M steps]  ep_len: 214.0  reward: +41.403  pi_loss: -0.0041  v_loss: 1.8208  entropy: 0.115  idm_loss: 0.1480  sps: 7,185  ETA: 2.7h
  [130.90M / 200M steps]  ep_len: 214.7  reward: +41.387  pi_loss: -0.0037  v_loss: 1.8645  entropy: 0.122  idm_loss: 0.1359  sps: 7,185  ETA: 2.7h
  [131.23M / 200M steps]  ep_len: 231.9  reward: +43.752  pi_loss: -0.0046  v_loss: 1.8239  entropy: 0.123  idm_loss: 0.1384  sps: 7,185  ETA: 2.7h
  [Checkpoint] Saved → final_checkpoints_epi_pomp/step_131M.pt
  [Plot] Saved → training_plots/epi_pomp_step_131M.png
  [131.55M / 200M steps]  ep_len: 221.6  reward: +45.262  pi_loss: -0.0041  v_loss: 1.8411  entropy: 0.121  idm_loss: 0.1270  sps: 7,184  ETA: 2.6h
  [131.88M / 200M steps]  ep_len: 206.1  reward: +40.660  pi_loss: -0.0046  v_loss: 1.9052  entropy: 0.121  idm_loss: 0.1313  sps: 7,184  ETA: 2.6h
  [132.21M / 200M steps]  ep_len: 203.4  reward: +39.371  pi_loss: -0.0042  v_loss: 1.8968  entropy: 0.125  idm_loss: 0.1432  sps: 7,184  ETA: 2.6h
  [132.53M / 200M steps]  ep_len: 211.5  reward: +41.613  pi_loss: -0.0052  v_loss: 1.8653  entropy: 0.123  idm_loss: 0.1378  sps: 7,184  ETA: 2.6h
  [132.85M / 200M steps]  ep_len: 205.7  reward: +38.821  pi_loss: -0.0052  v_loss: 1.8652  entropy: 0.117  idm_loss: 0.2002  sps: 7,184  ETA: 2.6h
  [133.18M / 200M steps]  ep_len: 197.8  reward: +37.508  pi_loss: -0.0036  v_loss: 1.8863  entropy: 0.118  idm_loss: 0.1843  sps: 7,184  ETA: 2.6h
  [Plot] Saved → training_plots/epi_pomp_step_133M.png
  [133.50M / 200M steps]  ep_len: 196.4  reward: +39.202  pi_loss: -0.0031  v_loss: 1.8446  entropy: 0.116  idm_loss: 0.1458  sps: 7,184  ETA: 2.6h
  [133.82M / 200M steps]  ep_len: 214.2  reward: +41.873  pi_loss: -0.0042  v_loss: 1.7863  entropy: 0.117  idm_loss: 0.1699  sps: 7,184  ETA: 2.6h
  [134.15M / 200M steps]  ep_len: 184.4  reward: +36.498  pi_loss: -0.0041  v_loss: 1.7361  entropy: 0.116  idm_loss: 0.1688  sps: 7,184  ETA: 2.5h
  [134.48M / 200M steps]  ep_len: 214.2  reward: +42.412  pi_loss: -0.0039  v_loss: 1.7425  entropy: 0.118  idm_loss: 0.1644  sps: 7,184  ETA: 2.5h
  [134.80M / 200M steps]  ep_len: 205.7  reward: +40.218  pi_loss: -0.0038  v_loss: 1.7786  entropy: 0.119  idm_loss: 0.1724  sps: 7,185  ETA: 2.5h
  [135.12M / 200M steps]  ep_len: 234.2  reward: +44.710  pi_loss: -0.0045  v_loss: 1.6628  entropy: 0.118  idm_loss: 0.1636  sps: 7,185  ETA: 2.5h
  [135.44M / 200M steps]  ep_len: 198.5  reward: +39.880  pi_loss: -0.0044  v_loss: 1.7453  entropy: 0.119  idm_loss: 0.1223  sps: 7,185  ETA: 2.5h
  [Plot] Saved → training_plots/epi_pomp_step_135M.png
  [135.77M / 200M steps]  ep_len: 209.9  reward: +40.853  pi_loss: -0.0043  v_loss: 1.6956  entropy: 0.120  idm_loss: 0.1432  sps: 7,184  ETA: 2.5h
  [136.10M / 200M steps]  ep_len: 209.1  reward: +39.433  pi_loss: -0.0042  v_loss: 1.6708  entropy: 0.118  idm_loss: 0.1634  sps: 7,185  ETA: 2.5h
  [Checkpoint] Saved → final_checkpoints_epi_pomp/step_136M.pt
  [136.43M / 200M steps]  ep_len: 207.6  reward: +42.938  pi_loss: -0.0048  v_loss: 1.6043  entropy: 0.119  idm_loss: 0.1211  sps: 7,184  ETA: 2.5h
  [136.76M / 200M steps]  ep_len: 200.1  reward: +40.931  pi_loss: -0.0037  v_loss: 1.6146  entropy: 0.115  idm_loss: 0.1598  sps: 7,184  ETA: 2.4h
  [137.08M / 200M steps]  ep_len: 209.9  reward: +40.425  pi_loss: -0.0019  v_loss: 1.5258  entropy: 0.115  idm_loss: 0.1808  sps: 7,185  ETA: 2.4h
  [137.41M / 200M steps]  ep_len: 208.6  reward: +41.130  pi_loss: -0.0041  v_loss: 1.5692  entropy: 0.116  idm_loss: 0.1557  sps: 7,185  ETA: 2.4h
  [Plot] Saved → training_plots/epi_pomp_step_137M.png
  [137.74M / 200M steps]  ep_len: 221.1  reward: +40.510  pi_loss: -0.0023  v_loss: 1.5872  entropy: 0.115  idm_loss: 0.1717  sps: 7,184  ETA: 2.4h
  [138.06M / 200M steps]  ep_len: 199.1  reward: +38.198  pi_loss: -0.0050  v_loss: 1.6543  entropy: 0.119  idm_loss: 0.1295  sps: 7,185  ETA: 2.4h
  [138.39M / 200M steps]  ep_len: 195.8  reward: +40.286  pi_loss: -0.0049  v_loss: 1.5965  entropy: 0.119  idm_loss: 0.1724  sps: 7,185  ETA: 2.4h
  [138.71M / 200M steps]  ep_len: 229.6  reward: +42.206  pi_loss: +0.0021  v_loss: 1.5324  entropy: 0.120  idm_loss: 0.1445  sps: 7,185  ETA: 2.4h
  [139.04M / 200M steps]  ep_len: 200.8  reward: +43.100  pi_loss: -0.0048  v_loss: 1.6252  entropy: 0.119  idm_loss: 0.1507  sps: 7,185  ETA: 2.4h
  [139.37M / 200M steps]  ep_len: 197.0  reward: +38.580  pi_loss: -0.0057  v_loss: 1.5911  entropy: 0.122  idm_loss: 0.1247  sps: 7,185  ETA: 2.3h
  [139.70M / 200M steps]  ep_len: 233.7  reward: +43.139  pi_loss: -0.0053  v_loss: 1.5600  entropy: 0.115  idm_loss: 0.1196  sps: 7,185  ETA: 2.3h
  [Plot] Saved → training_plots/epi_pomp_step_139M.png
  [140.02M / 200M steps]  ep_len: 222.9  reward: +43.061  pi_loss: -0.0045  v_loss: 1.6134  entropy: 0.114  idm_loss: 0.1712  sps: 7,185  ETA: 2.3h
  [140.34M / 200M steps]  ep_len: 223.4  reward: +43.090  pi_loss: -0.0044  v_loss: 1.6634  entropy: 0.118  idm_loss: 0.1362  sps: 7,185  ETA: 2.3h
  [140.67M / 200M steps]  ep_len: 200.9  reward: +42.992  pi_loss: -0.0074  v_loss: 1.8935  entropy: 0.119  idm_loss: 0.1452  sps: 7,185  ETA: 2.3h
  [141.00M / 200M steps]  ep_len: 202.8  reward: +37.316  pi_loss: -0.0049  v_loss: 1.6784  entropy: 0.115  idm_loss: 0.1384  sps: 7,185  ETA: 2.3h
  [141.33M / 200M steps]  ep_len: 220.5  reward: +45.343  pi_loss: -0.0039  v_loss: 1.7630  entropy: 0.120  idm_loss: 0.1250  sps: 7,185  ETA: 2.3h
  [Checkpoint] Saved → final_checkpoints_epi_pomp/step_141M.pt
  [141.66M / 200M steps]  ep_len: 197.4  reward: +38.079  pi_loss: -0.0098  v_loss: 1.6799  entropy: 0.120  idm_loss: 0.1625  sps: 7,185  ETA: 2.3h
  [Plot] Saved → training_plots/epi_pomp_step_141M.png
  [141.99M / 200M steps]  ep_len: 215.3  reward: +40.575  pi_loss: -0.0043  v_loss: 1.6378  entropy: 0.121  idm_loss: 0.1614  sps: 7,185  ETA: 2.2h
  [142.32M / 200M steps]  ep_len: 227.4  reward: +46.375  pi_loss: +0.0025  v_loss: 1.6939  entropy: 0.118  idm_loss: 0.1810  sps: 7,185  ETA: 2.2h
  [142.64M / 200M steps]  ep_len: 187.7  reward: +36.828  pi_loss: -0.0040  v_loss: 1.6682  entropy: 0.119  idm_loss: 0.2043  sps: 7,185  ETA: 2.2h
  [142.98M / 200M steps]  ep_len: 208.1  reward: +40.739  pi_loss: +0.0015  v_loss: 1.7853  entropy: 0.119  idm_loss: 0.1597  sps: 7,185  ETA: 2.2h
  [143.31M / 200M steps]  ep_len: 202.9  reward: +40.405  pi_loss: -0.0009  v_loss: 1.6459  entropy: 0.119  idm_loss: 0.1595  sps: 7,186  ETA: 2.2h
  [143.64M / 200M steps]  ep_len: 178.5  reward: +37.590  pi_loss: -0.0053  v_loss: 1.8061  entropy: 0.125  idm_loss: 0.1775  sps: 7,186  ETA: 2.2h
  [143.96M / 200M steps]  ep_len: 193.3  reward: +39.101  pi_loss: -0.0049  v_loss: 1.7930  entropy: 0.124  idm_loss: 0.1611  sps: 7,186  ETA: 2.2h
  [Plot] Saved → training_plots/epi_pomp_step_143M.png
  [144.30M / 200M steps]  ep_len: 192.8  reward: +39.112  pi_loss: -0.0052  v_loss: 1.8045  entropy: 0.127  idm_loss: 0.1452  sps: 7,186  ETA: 2.2h
  [144.63M / 200M steps]  ep_len: 187.4  reward: +39.903  pi_loss: -0.0076  v_loss: 1.8126  entropy: 0.128  idm_loss: 0.1897  sps: 7,186  ETA: 2.1h
  [144.96M / 200M steps]  ep_len: 225.4  reward: +44.927  pi_loss: -0.0067  v_loss: 1.8004  entropy: 0.127  idm_loss: 0.1463  sps: 7,186  ETA: 2.1h
  [145.29M / 200M steps]  ep_len: 202.4  reward: +39.512  pi_loss: -0.0039  v_loss: 1.8994  entropy: 0.128  idm_loss: 0.1362  sps: 7,187  ETA: 2.1h
  [145.61M / 200M steps]  ep_len: 220.1  reward: +42.560  pi_loss: -0.0031  v_loss: 1.9163  entropy: 0.122  idm_loss: 0.1448  sps: 7,187  ETA: 2.1h
  [145.94M / 200M steps]  ep_len: 236.3  reward: +46.237  pi_loss: -0.0065  v_loss: 1.8067  entropy: 0.121  idm_loss: 0.1468  sps: 7,187  ETA: 2.1h
  [Plot] Saved → training_plots/epi_pomp_step_146M.png
  [146.27M / 200M steps]  ep_len: 238.4  reward: +45.570  pi_loss: -0.0017  v_loss: 1.7614  entropy: 0.122  idm_loss: 0.1532  sps: 7,186  ETA: 2.1h
  [Checkpoint] Saved → final_checkpoints_epi_pomp/step_146M.pt
  [146.59M / 200M steps]  ep_len: 217.9  reward: +44.002  pi_loss: -0.0043  v_loss: 1.8637  entropy: 0.123  idm_loss: 0.1957  sps: 7,186  ETA: 2.1h
  [146.92M / 200M steps]  ep_len: 214.5  reward: +43.902  pi_loss: -0.0066  v_loss: 1.8927  entropy: 0.126  idm_loss: 0.1544  sps: 7,186  ETA: 2.1h
  [147.25M / 200M steps]  ep_len: 211.9  reward: +40.745  pi_loss: -0.0048  v_loss: 1.8311  entropy: 0.124  idm_loss: 0.1403  sps: 7,186  ETA: 2.0h
  [147.57M / 200M steps]  ep_len: 223.6  reward: +43.566  pi_loss: -0.0051  v_loss: 1.8808  entropy: 0.126  idm_loss: 0.1382  sps: 7,186  ETA: 2.0h
  [147.90M / 200M steps]  ep_len: 205.2  reward: +43.252  pi_loss: +0.0050  v_loss: 1.7784  entropy: 0.121  idm_loss: 0.1527  sps: 7,187  ETA: 2.0h
  [148.23M / 200M steps]  ep_len: 221.5  reward: +42.535  pi_loss: -0.0049  v_loss: 1.8336  entropy: 0.124  idm_loss: 0.1492  sps: 7,187  ETA: 2.0h
  [Plot] Saved → training_plots/epi_pomp_step_148M.png
  [148.56M / 200M steps]  ep_len: 242.3  reward: +46.265  pi_loss: -0.0045  v_loss: 1.6037  entropy: 0.124  idm_loss: 0.1217  sps: 7,187  ETA: 2.0h
  [148.87M / 200M steps]  ep_len: 234.2  reward: +45.596  pi_loss: -0.0044  v_loss: 1.7387  entropy: 0.124  idm_loss: 0.1791  sps: 7,187  ETA: 2.0h
  [149.20M / 200M steps]  ep_len: 197.3  reward: +38.383  pi_loss: -0.0030  v_loss: 1.8122  entropy: 0.126  idm_loss: 0.1786  sps: 7,187  ETA: 2.0h
  [149.53M / 200M steps]  ep_len: 213.0  reward: +42.008  pi_loss: -0.0017  v_loss: 1.7509  entropy: 0.122  idm_loss: 0.1635  sps: 7,187  ETA: 2.0h
  [149.86M / 200M steps]  ep_len: 202.8  reward: +39.609  pi_loss: -0.0047  v_loss: 1.7859  entropy: 0.123  idm_loss: 0.1768  sps: 7,187  ETA: 1.9h
  [150.19M / 200M steps]  ep_len: 207.3  reward: +41.173  pi_loss: -0.0047  v_loss: 1.7748  entropy: 0.122  idm_loss: 0.1592  sps: 7,188  ETA: 1.9h
  [Plot] Saved → training_plots/epi_pomp_step_150M.png
  [150.51M / 200M steps]  ep_len: 212.6  reward: +42.838  pi_loss: -0.0044  v_loss: 1.6523  entropy: 0.124  idm_loss: 0.1600  sps: 7,187  ETA: 1.9h
  [150.84M / 200M steps]  ep_len: 213.8  reward: +40.499  pi_loss: -0.0045  v_loss: 1.6996  entropy: 0.120  idm_loss: 0.1200  sps: 7,188  ETA: 1.9h
  [151.17M / 200M steps]  ep_len: 226.4  reward: +44.175  pi_loss: -0.0037  v_loss: 1.7143  entropy: 0.122  idm_loss: 0.1344  sps: 7,188  ETA: 1.9h
  [151.50M / 200M steps]  ep_len: 216.7  reward: +45.942  pi_loss: -0.0041  v_loss: 1.6700  entropy: 0.121  idm_loss: 0.1393  sps: 7,188  ETA: 1.9h
  [Checkpoint] Saved → final_checkpoints_epi_pomp/step_151M.pt
  [151.84M / 200M steps]  ep_len: 218.3  reward: +43.705  pi_loss: -0.0017  v_loss: 1.7385  entropy: 0.120  idm_loss: 0.1565  sps: 7,188  ETA: 1.9h
  [152.16M / 200M steps]  ep_len: 211.6  reward: +42.187  pi_loss: -0.0051  v_loss: 1.7780  entropy: 0.116  idm_loss: 0.1938  sps: 7,188  ETA: 1.8h
  [152.49M / 200M steps]  ep_len: 214.6  reward: +41.866  pi_loss: -0.0030  v_loss: 1.6558  entropy: 0.114  idm_loss: 0.1261  sps: 7,188  ETA: 1.8h
  [Plot] Saved → training_plots/epi_pomp_step_152M.png
  [152.81M / 200M steps]  ep_len: 229.7  reward: +43.643  pi_loss: -0.0014  v_loss: 1.6016  entropy: 0.116  idm_loss: 0.1514  sps: 7,188  ETA: 1.8h
  [153.14M / 200M steps]  ep_len: 247.2  reward: +47.613  pi_loss: -0.0037  v_loss: 1.6401  entropy: 0.116  idm_loss: 0.1863  sps: 7,188  ETA: 1.8h
  [153.46M / 200M steps]  ep_len: 203.2  reward: +39.841  pi_loss: -0.0053  v_loss: 1.6746  entropy: 0.117  idm_loss: 0.1963  sps: 7,188  ETA: 1.8h
  [153.78M / 200M steps]  ep_len: 222.0  reward: +44.439  pi_loss: -0.0053  v_loss: 1.6192  entropy: 0.121  idm_loss: 0.1519  sps: 7,188  ETA: 1.8h
  [154.11M / 200M steps]  ep_len: 213.3  reward: +41.621  pi_loss: -0.0049  v_loss: 1.7051  entropy: 0.123  idm_loss: 0.1481  sps: 7,188  ETA: 1.8h
  [154.44M / 200M steps]  ep_len: 232.2  reward: +44.791  pi_loss: -0.0055  v_loss: 1.6748  entropy: 0.120  idm_loss: 0.1679  sps: 7,189  ETA: 1.8h
  [Plot] Saved → training_plots/epi_pomp_step_154M.png
  [154.77M / 200M steps]  ep_len: 239.6  reward: +44.311  pi_loss: -0.0037  v_loss: 1.6172  entropy: 0.121  idm_loss: 0.2250  sps: 7,188  ETA: 1.7h
  [155.10M / 200M steps]  ep_len: 221.7  reward: +44.009  pi_loss: -0.0051  v_loss: 1.5853  entropy: 0.120  idm_loss: 0.1821  sps: 7,189  ETA: 1.7h
  [155.43M / 200M steps]  ep_len: 204.4  reward: +43.129  pi_loss: -0.0050  v_loss: 1.5451  entropy: 0.119  idm_loss: 0.1679  sps: 7,189  ETA: 1.7h
  [155.75M / 200M steps]  ep_len: 222.8  reward: +43.290  pi_loss: -0.0043  v_loss: 1.5900  entropy: 0.121  idm_loss: 0.1324  sps: 7,189  ETA: 1.7h
  [156.08M / 200M steps]  ep_len: 226.3  reward: +45.584  pi_loss: -0.0052  v_loss: 1.5604  entropy: 0.116  idm_loss: 0.1398  sps: 7,189  ETA: 1.7h
  [156.41M / 200M steps]  ep_len: 230.0  reward: +44.431  pi_loss: -0.0024  v_loss: 1.6527  entropy: 0.114  idm_loss: 0.1083  sps: 7,189  ETA: 1.7h
  [Checkpoint] Saved → final_checkpoints_epi_pomp/step_156M.pt
  [156.74M / 200M steps]  ep_len: 200.3  reward: +38.797  pi_loss: -0.0054  v_loss: 1.6871  entropy: 0.119  idm_loss: 0.1467  sps: 7,189  ETA: 1.7h
  [Plot] Saved → training_plots/epi_pomp_step_156M.png
  [157.07M / 200M steps]  ep_len: 251.2  reward: +46.229  pi_loss: -0.0055  v_loss: 1.5671  entropy: 0.118  idm_loss: 0.1922  sps: 7,189  ETA: 1.7h
  [157.41M / 200M steps]  ep_len: 220.9  reward: +42.121  pi_loss: -0.0041  v_loss: 1.5646  entropy: 0.116  idm_loss: 0.1601  sps: 7,189  ETA: 1.6h
  [157.74M / 200M steps]  ep_len: 260.2  reward: +47.877  pi_loss: -0.0036  v_loss: 1.5461  entropy: 0.113  idm_loss: 0.1669  sps: 7,190  ETA: 1.6h
  [158.07M / 200M steps]  ep_len: 220.0  reward: +43.636  pi_loss: -0.0046  v_loss: 1.5989  entropy: 0.111  idm_loss: 0.1217  sps: 7,190  ETA: 1.6h
  [158.39M / 200M steps]  ep_len: 247.7  reward: +46.777  pi_loss: -0.0044  v_loss: 1.6310  entropy: 0.115  idm_loss: 0.1868  sps: 7,190  ETA: 1.6h
  [158.72M / 200M steps]  ep_len: 244.9  reward: +44.881  pi_loss: -0.0045  v_loss: 1.6313  entropy: 0.114  idm_loss: 0.1373  sps: 7,190  ETA: 1.6h
  [Plot] Saved → training_plots/epi_pomp_step_158M.png
  [159.06M / 200M steps]  ep_len: 245.3  reward: +45.406  pi_loss: -0.0057  v_loss: 1.6657  entropy: 0.116  idm_loss: 0.1565  sps: 7,190  ETA: 1.6h
  [159.39M / 200M steps]  ep_len: 245.5  reward: +46.435  pi_loss: -0.0051  v_loss: 1.7150  entropy: 0.116  idm_loss: 0.1612  sps: 7,190  ETA: 1.6h
  [159.72M / 200M steps]  ep_len: 232.1  reward: +45.468  pi_loss: -0.0049  v_loss: 1.6570  entropy: 0.115  idm_loss: 0.1941  sps: 7,190  ETA: 1.6h
  [160.04M / 200M steps]  ep_len: 222.9  reward: +45.864  pi_loss: -0.0051  v_loss: 1.7017  entropy: 0.116  idm_loss: 0.1652  sps: 7,191  ETA: 1.5h
  [160.37M / 200M steps]  ep_len: 236.7  reward: +43.309  pi_loss: -0.0044  v_loss: 1.5595  entropy: 0.113  idm_loss: 0.1485  sps: 7,191  ETA: 1.5h
  [160.70M / 200M steps]  ep_len: 231.1  reward: +43.201  pi_loss: -0.0038  v_loss: 1.6229  entropy: 0.115  idm_loss: 0.1713  sps: 7,191  ETA: 1.5h
  [161.02M / 200M steps]  ep_len: 234.3  reward: +43.508  pi_loss: -0.0041  v_loss: 1.5814  entropy: 0.114  idm_loss: 0.1350  sps: 7,191  ETA: 1.5h
  [Plot] Saved → training_plots/epi_pomp_step_161M.png
  [161.35M / 200M steps]  ep_len: 248.1  reward: +45.432  pi_loss: -0.0045  v_loss: 1.5782  entropy: 0.116  idm_loss: 0.1461  sps: 7,191  ETA: 1.5h
  [161.67M / 200M steps]  ep_len: 214.7  reward: +41.594  pi_loss: -0.0026  v_loss: 1.6377  entropy: 0.117  idm_loss: 0.1265  sps: 7,191  ETA: 1.5h
  [Checkpoint] Saved → final_checkpoints_epi_pomp/step_161M.pt
  [162.01M / 200M steps]  ep_len: 243.5  reward: +45.793  pi_loss: -0.0051  v_loss: 1.5338  entropy: 0.116  idm_loss: 0.1358  sps: 7,191  ETA: 1.5h
  [162.32M / 200M steps]  ep_len: 237.8  reward: +46.664  pi_loss: -0.0036  v_loss: 1.6263  entropy: 0.115  idm_loss: 0.1872  sps: 7,191  ETA: 1.5h
  [162.65M / 200M steps]  ep_len: 220.2  reward: +43.926  pi_loss: -0.0029  v_loss: 1.6282  entropy: 0.115  idm_loss: 0.1429  sps: 7,191  ETA: 1.4h
  [162.99M / 200M steps]  ep_len: 236.9  reward: +43.308  pi_loss: -0.0039  v_loss: 1.6188  entropy: 0.115  idm_loss: 0.1298  sps: 7,191  ETA: 1.4h
  [Plot] Saved → training_plots/epi_pomp_step_163M.png
  [163.31M / 200M steps]  ep_len: 230.4  reward: +42.722  pi_loss: -0.0044  v_loss: 1.6975  entropy: 0.117  idm_loss: 0.1863  sps: 7,191  ETA: 1.4h
  [163.63M / 200M steps]  ep_len: 211.7  reward: +40.382  pi_loss: -0.0045  v_loss: 1.7013  entropy: 0.119  idm_loss: 0.1787  sps: 7,191  ETA: 1.4h
  [163.96M / 200M steps]  ep_len: 223.9  reward: +44.391  pi_loss: -0.0042  v_loss: 1.7325  entropy: 0.119  idm_loss: 0.1459  sps: 7,191  ETA: 1.4h
  [164.29M / 200M steps]  ep_len: 208.5  reward: +41.155  pi_loss: -0.0043  v_loss: 1.7032  entropy: 0.120  idm_loss: 0.1682  sps: 7,192  ETA: 1.4h
  [164.61M / 200M steps]  ep_len: 239.4  reward: +44.723  pi_loss: -0.0089  v_loss: 1.6722  entropy: 0.119  idm_loss: 0.2191  sps: 7,192  ETA: 1.4h
  [164.93M / 200M steps]  ep_len: 221.3  reward: +41.491  pi_loss: -0.0041  v_loss: 1.7038  entropy: 0.117  idm_loss: 0.1413  sps: 7,192  ETA: 1.4h
  [165.25M / 200M steps]  ep_len: 219.2  reward: +40.942  pi_loss: -0.0050  v_loss: 1.6244  entropy: 0.119  idm_loss: 0.1943  sps: 7,192  ETA: 1.3h
  [Plot] Saved → training_plots/epi_pomp_step_165M.png
  [165.58M / 200M steps]  ep_len: 230.5  reward: +42.037  pi_loss: -0.0045  v_loss: 1.5588  entropy: 0.122  idm_loss: 0.1531  sps: 7,192  ETA: 1.3h
  [165.90M / 200M steps]  ep_len: 241.6  reward: +45.522  pi_loss: -0.0046  v_loss: 1.5711  entropy: 0.121  idm_loss: 0.1723  sps: 7,192  ETA: 1.3h
  [166.22M / 200M steps]  ep_len: 219.5  reward: +43.358  pi_loss: -0.0039  v_loss: 1.6786  entropy: 0.120  idm_loss: 0.1465  sps: 7,192  ETA: 1.3h
  [166.55M / 200M steps]  ep_len: 225.0  reward: +42.319  pi_loss: -0.0062  v_loss: 1.6671  entropy: 0.123  idm_loss: 0.1695  sps: 7,192  ETA: 1.3h
  [Checkpoint] Saved → final_checkpoints_epi_pomp/step_166M.pt
  [166.88M / 200M steps]  ep_len: 219.1  reward: +42.441  pi_loss: -0.0055  v_loss: 1.6679  entropy: 0.125  idm_loss: 0.1336  sps: 7,192  ETA: 1.3h
  [167.21M / 200M steps]  ep_len: 208.8  reward: +43.673  pi_loss: -0.0021  v_loss: 1.7062  entropy: 0.126  idm_loss: 0.2038  sps: 7,192  ETA: 1.3h
  [Plot] Saved → training_plots/epi_pomp_step_167M.png
  [167.55M / 200M steps]  ep_len: 217.0  reward: +41.501  pi_loss: -0.0046  v_loss: 1.6753  entropy: 0.126  idm_loss: 0.1683  sps: 7,192  ETA: 1.3h
  [167.87M / 200M steps]  ep_len: 253.1  reward: +49.343  pi_loss: -0.0040  v_loss: 1.6526  entropy: 0.120  idm_loss: 0.1407  sps: 7,192  ETA: 1.2h
  [168.19M / 200M steps]  ep_len: 223.7  reward: +41.955  pi_loss: -0.0049  v_loss: 1.6730  entropy: 0.121  idm_loss: 0.1322  sps: 7,192  ETA: 1.2h
  [168.52M / 200M steps]  ep_len: 250.6  reward: +46.077  pi_loss: -0.0043  v_loss: 1.6778  entropy: 0.123  idm_loss: 0.1294  sps: 7,192  ETA: 1.2h
  [168.85M / 200M steps]  ep_len: 211.0  reward: +38.512  pi_loss: -0.0049  v_loss: 1.7767  entropy: 0.125  idm_loss: 0.1824  sps: 7,193  ETA: 1.2h
  [169.18M / 200M steps]  ep_len: 219.5  reward: +44.915  pi_loss: -0.0048  v_loss: 1.8856  entropy: 0.124  idm_loss: 0.1437  sps: 7,193  ETA: 1.2h
  [169.50M / 200M steps]  ep_len: 222.7  reward: +43.071  pi_loss: -0.0037  v_loss: 1.7933  entropy: 0.123  idm_loss: 0.1821  sps: 7,193  ETA: 1.2h
  [Plot] Saved → training_plots/epi_pomp_step_169M.png
  [169.83M / 200M steps]  ep_len: 220.7  reward: +42.170  pi_loss: -0.0093  v_loss: 1.7734  entropy: 0.127  idm_loss: 0.1294  sps: 7,193  ETA: 1.2h
  [170.16M / 200M steps]  ep_len: 231.7  reward: +43.605  pi_loss: -0.0041  v_loss: 1.7103  entropy: 0.125  idm_loss: 0.1538  sps: 7,193  ETA: 1.2h
  [170.48M / 200M steps]  ep_len: 252.6  reward: +47.540  pi_loss: -0.0038  v_loss: 1.7136  entropy: 0.125  idm_loss: 0.1876  sps: 7,193  ETA: 1.1h
  [170.81M / 200M steps]  ep_len: 229.2  reward: +45.895  pi_loss: -0.0070  v_loss: 1.7963  entropy: 0.127  idm_loss: 0.1320  sps: 7,193  ETA: 1.1h
  [171.14M / 200M steps]  ep_len: 231.2  reward: +45.158  pi_loss: -0.0031  v_loss: 1.7364  entropy: 0.127  idm_loss: 0.1568  sps: 7,193  ETA: 1.1h
  [171.47M / 200M steps]  ep_len: 236.1  reward: +43.203  pi_loss: -0.0040  v_loss: 1.8661  entropy: 0.125  idm_loss: 0.1935  sps: 7,194  ETA: 1.1h
  [Plot] Saved → training_plots/epi_pomp_step_171M.png
  [171.80M / 200M steps]  ep_len: 200.0  reward: +41.050  pi_loss: -0.0046  v_loss: 1.9410  entropy: 0.126  idm_loss: 0.1691  sps: 7,194  ETA: 1.1h
  [Checkpoint] Saved → final_checkpoints_epi_pomp/step_171M.pt
  [172.12M / 200M steps]  ep_len: 225.2  reward: +44.446  pi_loss: -0.0038  v_loss: 1.9224  entropy: 0.126  idm_loss: 0.2051  sps: 7,193  ETA: 1.1h
  [172.45M / 200M steps]  ep_len: 237.5  reward: +45.828  pi_loss: -0.0048  v_loss: 1.8723  entropy: 0.125  idm_loss: 0.1399  sps: 7,193  ETA: 1.1h
  [172.79M / 200M steps]  ep_len: 218.2  reward: +40.201  pi_loss: -0.0037  v_loss: 1.9130  entropy: 0.129  idm_loss: 0.1788  sps: 7,194  ETA: 1.1h
  [173.11M / 200M steps]  ep_len: 228.7  reward: +43.340  pi_loss: -0.0056  v_loss: 1.8719  entropy: 0.130  idm_loss: 0.1619  sps: 7,194  ETA: 1.0h
  [173.44M / 200M steps]  ep_len: 231.3  reward: +45.170  pi_loss: -0.0047  v_loss: 1.8662  entropy: 0.127  idm_loss: 0.1786  sps: 7,194  ETA: 1.0h
  [173.77M / 200M steps]  ep_len: 234.2  reward: +46.697  pi_loss: -0.0054  v_loss: 1.9211  entropy: 0.128  idm_loss: 0.1637  sps: 7,194  ETA: 1.0h
  [Plot] Saved → training_plots/epi_pomp_step_173M.png
  [174.09M / 200M steps]  ep_len: 226.2  reward: +44.804  pi_loss: -0.0043  v_loss: 1.9178  entropy: 0.129  idm_loss: 0.1638  sps: 7,194  ETA: 1.0h
  [174.42M / 200M steps]  ep_len: 232.3  reward: +44.580  pi_loss: -0.0052  v_loss: 1.9867  entropy: 0.127  idm_loss: 0.1302  sps: 7,194  ETA: 1.0h
  [174.74M / 200M steps]  ep_len: 210.3  reward: +39.175  pi_loss: -0.0056  v_loss: 2.0014  entropy: 0.126  idm_loss: 0.1658  sps: 7,194  ETA: 1.0h
  [175.07M / 200M steps]  ep_len: 218.5  reward: +43.097  pi_loss: -0.0065  v_loss: 1.9694  entropy: 0.126  idm_loss: 0.1856  sps: 7,194  ETA: 1.0h
  [175.40M / 200M steps]  ep_len: 234.4  reward: +46.735  pi_loss: -0.0055  v_loss: 1.7962  entropy: 0.125  idm_loss: 0.1843  sps: 7,194  ETA: 0.9h
  [175.72M / 200M steps]  ep_len: 228.0  reward: +45.041  pi_loss: -0.0047  v_loss: 1.7724  entropy: 0.130  idm_loss: 0.1603  sps: 7,195  ETA: 0.9h
  [Plot] Saved → training_plots/epi_pomp_step_175M.png
  [176.05M / 200M steps]  ep_len: 220.5  reward: +42.334  pi_loss: -0.0050  v_loss: 1.8590  entropy: 0.129  idm_loss: 0.1537  sps: 7,194  ETA: 0.9h
  [176.38M / 200M steps]  ep_len: 257.6  reward: +48.228  pi_loss: -0.0049  v_loss: 1.7359  entropy: 0.123  idm_loss: 0.1579  sps: 7,194  ETA: 0.9h
  [176.70M / 200M steps]  ep_len: 238.3  reward: +45.184  pi_loss: -0.0056  v_loss: 1.6941  entropy: 0.122  idm_loss: 0.1322  sps: 7,195  ETA: 0.9h
  [Checkpoint] Saved → final_checkpoints_epi_pomp/step_176M.pt
  [177.02M / 200M steps]  ep_len: 242.5  reward: +45.372  pi_loss: -0.0041  v_loss: 1.6920  entropy: 0.122  idm_loss: 0.1904  sps: 7,194  ETA: 0.9h
  [177.35M / 200M steps]  ep_len: 248.8  reward: +48.439  pi_loss: -0.0045  v_loss: 1.7022  entropy: 0.121  idm_loss: 0.1901  sps: 7,194  ETA: 0.9h
  [177.66M / 200M steps]  ep_len: 221.2  reward: +43.636  pi_loss: -0.0039  v_loss: 1.7885  entropy: 0.122  idm_loss: 0.1855  sps: 7,194  ETA: 0.9h
  [177.99M / 200M steps]  ep_len: 237.3  reward: +45.863  pi_loss: -0.0040  v_loss: 1.7184  entropy: 0.122  idm_loss: 0.1713  sps: 7,194  ETA: 0.8h
  [Plot] Saved → training_plots/epi_pomp_step_177M.png
  [178.32M / 200M steps]  ep_len: 233.1  reward: +45.031  pi_loss: -0.0050  v_loss: 1.7041  entropy: 0.120  idm_loss: 0.2047  sps: 7,194  ETA: 0.8h
  [178.65M / 200M steps]  ep_len: 222.3  reward: +41.101  pi_loss: -0.0002  v_loss: 1.6594  entropy: 0.118  idm_loss: 0.1408  sps: 7,195  ETA: 0.8h
  [178.98M / 200M steps]  ep_len: 273.3  reward: +48.151  pi_loss: -0.0050  v_loss: 1.6023  entropy: 0.118  idm_loss: 0.1435  sps: 7,195  ETA: 0.8h
  [179.31M / 200M steps]  ep_len: 237.7  reward: +45.327  pi_loss: -0.0027  v_loss: 1.7291  entropy: 0.120  idm_loss: 0.1689  sps: 7,195  ETA: 0.8h
  [179.63M / 200M steps]  ep_len: 233.7  reward: +43.249  pi_loss: -0.0052  v_loss: 1.7370  entropy: 0.118  idm_loss: 0.1968  sps: 7,195  ETA: 0.8h
  [179.95M / 200M steps]  ep_len: 252.2  reward: +47.796  pi_loss: -0.0044  v_loss: 1.7450  entropy: 0.116  idm_loss: 0.1433  sps: 7,195  ETA: 0.8h
  [Plot] Saved → training_plots/epi_pomp_step_180M.png
  [180.28M / 200M steps]  ep_len: 225.1  reward: +42.448  pi_loss: -0.0045  v_loss: 1.6885  entropy: 0.122  idm_loss: 0.1868  sps: 7,195  ETA: 0.8h
  [180.60M / 200M steps]  ep_len: 241.1  reward: +44.367  pi_loss: -0.0034  v_loss: 1.7810  entropy: 0.119  idm_loss: 0.1616  sps: 7,195  ETA: 0.7h
  [180.92M / 200M steps]  ep_len: 216.7  reward: +43.829  pi_loss: -0.0041  v_loss: 1.7705  entropy: 0.122  idm_loss: 0.1498  sps: 7,195  ETA: 0.7h
  [181.25M / 200M steps]  ep_len: 231.0  reward: +44.088  pi_loss: -0.0045  v_loss: 1.8010  entropy: 0.123  idm_loss: 0.1479  sps: 7,195  ETA: 0.7h
  [181.57M / 200M steps]  ep_len: 231.8  reward: +43.298  pi_loss: -0.0072  v_loss: 1.7351  entropy: 0.121  idm_loss: 0.1501  sps: 7,195  ETA: 0.7h
  [181.90M / 200M steps]  ep_len: 233.4  reward: +44.008  pi_loss: -0.0058  v_loss: 1.6898  entropy: 0.118  idm_loss: 0.1481  sps: 7,196  ETA: 0.7h
  [Checkpoint] Saved → final_checkpoints_epi_pomp/step_181M.pt
  [182.23M / 200M steps]  ep_len: 232.9  reward: +45.211  pi_loss: -0.0061  v_loss: 1.7607  entropy: 0.118  idm_loss: 0.1595  sps: 7,195  ETA: 0.7h
  [Plot] Saved → training_plots/epi_pomp_step_182M.png
  [182.55M / 200M steps]  ep_len: 253.0  reward: +47.183  pi_loss: -0.0043  v_loss: 1.7461  entropy: 0.120  idm_loss: 0.1880  sps: 7,195  ETA: 0.7h
  [182.88M / 200M steps]  ep_len: 232.8  reward: +43.510  pi_loss: -0.0043  v_loss: 1.7362  entropy: 0.120  idm_loss: 0.1869  sps: 7,195  ETA: 0.7h
  [183.19M / 200M steps]  ep_len: 235.7  reward: +46.841  pi_loss: -0.0031  v_loss: 1.8077  entropy: 0.124  idm_loss: 0.1353  sps: 7,195  ETA: 0.6h
  [183.52M / 200M steps]  ep_len: 237.8  reward: +45.299  pi_loss: -0.0041  v_loss: 1.7291  entropy: 0.122  idm_loss: 0.1354  sps: 7,195  ETA: 0.6h
  [183.83M / 200M steps]  ep_len: 256.2  reward: +46.578  pi_loss: -0.0045  v_loss: 1.6421  entropy: 0.121  idm_loss: 0.1557  sps: 7,195  ETA: 0.6h
  [184.16M / 200M steps]  ep_len: 246.7  reward: +43.263  pi_loss: -0.0036  v_loss: 1.6391  entropy: 0.121  idm_loss: 0.1713  sps: 7,195  ETA: 0.6h
  [Plot] Saved → training_plots/epi_pomp_step_184M.png
  [184.48M / 200M steps]  ep_len: 211.8  reward: +41.654  pi_loss: -0.0047  v_loss: 1.6981  entropy: 0.124  idm_loss: 0.1447  sps: 7,195  ETA: 0.6h
  [184.81M / 200M steps]  ep_len: 220.9  reward: +41.595  pi_loss: -0.0052  v_loss: 1.6994  entropy: 0.124  idm_loss: 0.1689  sps: 7,195  ETA: 0.6h
  [185.13M / 200M steps]  ep_len: 306.7  reward: +53.980  pi_loss: -0.0043  v_loss: 1.5852  entropy: 0.119  idm_loss: 0.1397  sps: 7,195  ETA: 0.6h
  [185.46M / 200M steps]  ep_len: 262.2  reward: +46.471  pi_loss: -0.0041  v_loss: 1.6204  entropy: 0.118  idm_loss: 0.1644  sps: 7,196  ETA: 0.6h
  [185.80M / 200M steps]  ep_len: 265.6  reward: +49.950  pi_loss: -0.0018  v_loss: 1.6958  entropy: 0.121  idm_loss: 0.1430  sps: 7,196  ETA: 0.5h
  [186.12M / 200M steps]  ep_len: 233.0  reward: +43.075  pi_loss: -0.0037  v_loss: 1.6941  entropy: 0.124  idm_loss: 0.1274  sps: 7,196  ETA: 0.5h
  [186.45M / 200M steps]  ep_len: 230.5  reward: +44.192  pi_loss: -0.0048  v_loss: 1.6578  entropy: 0.119  idm_loss: 0.1469  sps: 7,196  ETA: 0.5h
  [Plot] Saved → training_plots/epi_pomp_step_186M.png
  [186.77M / 200M steps]  ep_len: 255.9  reward: +47.791  pi_loss: -0.0048  v_loss: 1.6321  entropy: 0.120  idm_loss: 0.1708  sps: 7,196  ETA: 0.5h
  [Checkpoint] Saved → final_checkpoints_epi_pomp/step_186M.pt
  [187.10M / 200M steps]  ep_len: 253.7  reward: +49.398  pi_loss: -0.0040  v_loss: 1.6881  entropy: 0.121  idm_loss: 0.1480  sps: 7,196  ETA: 0.5h
  [187.42M / 200M steps]  ep_len: 260.8  reward: +49.920  pi_loss: -0.0046  v_loss: 1.6274  entropy: 0.118  idm_loss: 0.1870  sps: 7,196  ETA: 0.5h
  [187.74M / 200M steps]  ep_len: 246.6  reward: +49.085  pi_loss: -0.0037  v_loss: 1.6270  entropy: 0.119  idm_loss: 0.1500  sps: 7,196  ETA: 0.5h
  [188.06M / 200M steps]  ep_len: 236.9  reward: +46.590  pi_loss: -0.0047  v_loss: 1.5758  entropy: 0.123  idm_loss: 0.1840  sps: 7,196  ETA: 0.5h
  [188.38M / 200M steps]  ep_len: 239.5  reward: +42.749  pi_loss: -0.0035  v_loss: 1.6049  entropy: 0.120  idm_loss: 0.1748  sps: 7,196  ETA: 0.4h
  [Plot] Saved → training_plots/epi_pomp_step_188M.png
  [188.70M / 200M steps]  ep_len: 250.1  reward: +49.378  pi_loss: -0.0041  v_loss: 1.6378  entropy: 0.120  idm_loss: 0.1735  sps: 7,195  ETA: 0.4h
  [189.02M / 200M steps]  ep_len: 225.6  reward: +44.111  pi_loss: -0.0045  v_loss: 1.6547  entropy: 0.121  idm_loss: 0.1859  sps: 7,195  ETA: 0.4h
  [189.35M / 200M steps]  ep_len: 241.3  reward: +45.969  pi_loss: -0.0067  v_loss: 1.6658  entropy: 0.118  idm_loss: 0.1397  sps: 7,196  ETA: 0.4h
  [189.67M / 200M steps]  ep_len: 257.4  reward: +49.874  pi_loss: -0.0068  v_loss: 1.6430  entropy: 0.119  idm_loss: 0.1408  sps: 7,196  ETA: 0.4h
  [190.00M / 200M steps]  ep_len: 253.8  reward: +46.705  pi_loss: -0.0045  v_loss: 1.6162  entropy: 0.117  idm_loss: 0.2100  sps: 7,196  ETA: 0.4h
  [190.33M / 200M steps]  ep_len: 253.3  reward: +47.229  pi_loss: -0.0030  v_loss: 1.5791  entropy: 0.116  idm_loss: 0.1474  sps: 7,196  ETA: 0.4h
  [190.66M / 200M steps]  ep_len: 242.0  reward: +49.577  pi_loss: -0.0046  v_loss: 1.5814  entropy: 0.120  idm_loss: 0.1601  sps: 7,196  ETA: 0.4h
  [Plot] Saved → training_plots/epi_pomp_step_190M.png
  [190.98M / 200M steps]  ep_len: 262.9  reward: +48.295  pi_loss: -0.0041  v_loss: 1.6516  entropy: 0.118  idm_loss: 0.1429  sps: 7,196  ETA: 0.3h
  [191.30M / 200M steps]  ep_len: 231.3  reward: +43.008  pi_loss: -0.0044  v_loss: 1.6102  entropy: 0.121  idm_loss: 0.2085  sps: 7,196  ETA: 0.3h
  [191.62M / 200M steps]  ep_len: 229.1  reward: +43.553  pi_loss: -0.0049  v_loss: 1.7387  entropy: 0.119  idm_loss: 0.1908  sps: 7,196  ETA: 0.3h
  [191.95M / 200M steps]  ep_len: 234.0  reward: +47.934  pi_loss: -0.0051  v_loss: 1.7009  entropy: 0.121  idm_loss: 0.1703  sps: 7,196  ETA: 0.3h
  [Checkpoint] Saved → final_checkpoints_epi_pomp/step_191M.pt
  [192.27M / 200M steps]  ep_len: 232.2  reward: +42.641  pi_loss: -0.0035  v_loss: 1.6720  entropy: 0.119  idm_loss: 0.1609  sps: 7,196  ETA: 0.3h
  [192.59M / 200M steps]  ep_len: 235.4  reward: +44.598  pi_loss: -0.0042  v_loss: 1.6821  entropy: 0.120  idm_loss: 0.1178  sps: 7,196  ETA: 0.3h
  [Plot] Saved → training_plots/epi_pomp_step_192M.png
  [192.92M / 200M steps]  ep_len: 202.2  reward: +41.922  pi_loss: -0.0047  v_loss: 1.7696  entropy: 0.122  idm_loss: 0.1213  sps: 7,196  ETA: 0.3h
  [193.23M / 200M steps]  ep_len: 230.2  reward: +45.624  pi_loss: -0.0059  v_loss: 1.6416  entropy: 0.120  idm_loss: 0.1404  sps: 7,196  ETA: 0.3h
  [193.56M / 200M steps]  ep_len: 266.9  reward: +48.406  pi_loss: -0.0047  v_loss: 1.7426  entropy: 0.118  idm_loss: 0.1565  sps: 7,196  ETA: 0.2h
  [193.88M / 200M steps]  ep_len: 200.8  reward: +40.465  pi_loss: -0.0045  v_loss: 1.8164  entropy: 0.118  idm_loss: 0.1894  sps: 7,196  ETA: 0.2h
  [194.22M / 200M steps]  ep_len: 229.6  reward: +46.080  pi_loss: -0.0032  v_loss: 1.6683  entropy: 0.121  idm_loss: 0.1073  sps: 7,196  ETA: 0.2h
  [194.54M / 200M steps]  ep_len: 217.8  reward: +41.933  pi_loss: -0.0047  v_loss: 1.7015  entropy: 0.121  idm_loss: 0.1076  sps: 7,196  ETA: 0.2h
  [194.86M / 200M steps]  ep_len: 261.7  reward: +48.806  pi_loss: -0.0109  v_loss: 1.6644  entropy: 0.119  idm_loss: 0.1781  sps: 7,196  ETA: 0.2h
  [Plot] Saved → training_plots/epi_pomp_step_194M.png
  [195.18M / 200M steps]  ep_len: 234.9  reward: +45.594  pi_loss: -0.0044  v_loss: 1.6937  entropy: 0.117  idm_loss: 0.1207  sps: 7,196  ETA: 0.2h
  [195.51M / 200M steps]  ep_len: 254.1  reward: +50.066  pi_loss: -0.0044  v_loss: 1.7069  entropy: 0.121  idm_loss: 0.1430  sps: 7,196  ETA: 0.2h
  [195.83M / 200M steps]  ep_len: 249.7  reward: +44.906  pi_loss: -0.0051  v_loss: 1.7171  entropy: 0.124  idm_loss: 0.1362  sps: 7,196  ETA: 0.2h
  [196.16M / 200M steps]  ep_len: 226.8  reward: +40.660  pi_loss: -0.0047  v_loss: 1.6353  entropy: 0.128  idm_loss: 0.1387  sps: 7,197  ETA: 0.1h
  [196.48M / 200M steps]  ep_len: 246.5  reward: +48.764  pi_loss: -0.0039  v_loss: 1.6856  entropy: 0.128  idm_loss: 0.1696  sps: 7,197  ETA: 0.1h
  [196.81M / 200M steps]  ep_len: 227.7  reward: +46.846  pi_loss: -0.0043  v_loss: 1.6476  entropy: 0.126  idm_loss: 0.1819  sps: 7,197  ETA: 0.1h
  [Checkpoint] Saved → final_checkpoints_epi_pomp/step_196M.pt
  [Plot] Saved → training_plots/epi_pomp_step_196M.png
  [197.14M / 200M steps]  ep_len: 207.3  reward: +42.282  pi_loss: +0.0003  v_loss: 1.6576  entropy: 0.129  idm_loss: 0.1245  sps: 7,196  ETA: 0.1h
  [197.47M / 200M steps]  ep_len: 202.7  reward: +40.756  pi_loss: -0.0043  v_loss: 1.6718  entropy: 0.128  idm_loss: 0.1473  sps: 7,196  ETA: 0.1h
  [197.78M / 200M steps]  ep_len: 264.6  reward: +45.738  pi_loss: -0.0042  v_loss: 1.7152  entropy: 0.125  idm_loss: 0.1688  sps: 7,196  ETA: 0.1h
  [198.10M / 200M steps]  ep_len: 232.2  reward: +45.553  pi_loss: -0.0050  v_loss: 1.6652  entropy: 0.128  idm_loss: 0.1331  sps: 7,196  ETA: 0.1h
  [198.42M / 200M steps]  ep_len: 212.4  reward: +39.805  pi_loss: -0.0012  v_loss: 1.7341  entropy: 0.130  idm_loss: 0.1475  sps: 7,197  ETA: 0.1h
  [198.75M / 200M steps]  ep_len: 217.4  reward: +43.755  pi_loss: -0.0039  v_loss: 1.6888  entropy: 0.131  idm_loss: 0.1794  sps: 7,197  ETA: 0.0h
  [199.07M / 200M steps]  ep_len: 217.0  reward: +44.610  pi_loss: -0.0049  v_loss: 1.9252  entropy: 0.132  idm_loss: 0.1702  sps: 7,197  ETA: 0.0h
  [Plot] Saved → training_plots/epi_pomp_step_199M.png
  [199.40M / 200M steps]  ep_len: 217.8  reward: +45.951  pi_loss: -0.0041  v_loss: 1.9234  entropy: 0.134  idm_loss: 0.1759  sps: 7,196  ETA: 0.0h
  [199.72M / 200M steps]  ep_len: 211.9  reward: +41.065  pi_loss: -0.0054  v_loss: 2.1747  entropy: 0.136  idm_loss: 0.1317  sps: 7,196  ETA: 0.0h
  [200.03M / 200M steps]  ep_len: 239.8  reward: +46.775  pi_loss: -0.0036  v_loss: 1.9429  entropy: 0.133  idm_loss: 0.1761  sps: 7,197  ETA: -0.0h

============================================================
Training complete  [EPIPLEXITY_POMP]
  Total steps : 200,034,816
  Final reward: 46.7750
  Wall time   : 7.72 hours
  Saved to    : final_model_epi_pomp.pt
============================================================
Plot saved to epi_pomp_training_curve.png
