
[Diagnostic] Script loaded. Bypassing OS buffer...
[Diagnostic] Directories verified. Loading config space...
[Diagnostic] Initializing DEHB optimizer... (If the script freezes here, it is an NFS/Dask network block)
2026-04-14 13:51:07.647 | WARNING  | dehb.optimizers.dehb:__init__:264 - A checkpoint already exists, results could potentially be overwritten.

============================================================
EPIPLEXITY HPO STARTING... (Ctrl+C to stop and get results)
============================================================

>>> [EPI Trial e3837462] Starting Fidelity: 20,000,000 steps
>>> [EPI Trial e3837462] Finished. Rew: -2.17 | Len: 86.1 | Fitness: -15.0431
[TorchSnakeVecEnv] Reusing cached env on cuda

>>> [EPI Trial 507fc851] Starting Fidelity: 20,000,000 steps
>>> [EPI Trial 507fc851] Finished. Rew: -0.54 | Len: 16.8 | Fitness: -2.8218
[TorchSnakeVecEnv] Reusing cached env on cuda

>>> [EPI Trial 804fbcac] Starting Fidelity: 20,000,000 steps
>>> [EPI Trial 804fbcac] Finished. Rew: 16.85 | Len: 108.6 | Fitness: -38.5771
[TorchSnakeVecEnv] Reusing cached env on cuda

>>> [EPI Trial 804fbcac] Starting Fidelity: 60,000,000 steps
>>> [EPI Trial 804fbcac] Finished. Rew: 25.05 | Len: 127.8 | Fitness: -50.6248
[TorchSnakeVecEnv] Reusing cached env on cuda

>>> [EPI Trial 1983e822] Starting Fidelity: 60,000,000 steps
>>> [EPI Trial 1983e822] Finished. Rew: 25.32 | Len: 147.2 | Fitness: -54.7556
[TorchSnakeVecEnv] Reusing cached env on cuda

>>> [EPI Trial 8872b406] Starting Fidelity: 60,000,000 steps
>>> [EPI Trial 8872b406] Finished. Rew: 9.26 | Len: 146.8 | Fitness: -38.6097
[TorchSnakeVecEnv] Reusing cached env on cuda

>>> [EPI Trial dc454b73] Starting Fidelity: 20,000,000 steps
>>> [EPI Trial dc454b73] Finished. Rew: 0.49 | Len: 37.2 | Fitness: -7.9259
[TorchSnakeVecEnv] Reusing cached env on cuda

>>> [EPI Trial a164abbb] Starting Fidelity: 20,000,000 steps
>>> [EPI Trial a164abbb] Finished. Rew: 6.86 | Len: 66.0 | Fitness: -20.0507
[TorchSnakeVecEnv] Reusing cached env on cuda

>>> [EPI Trial b9c62f9b] Starting Fidelity: 20,000,000 steps
>>> [EPI Trial b9c62f9b] Finished. Rew: 22.85 | Len: 142.4 | Fitness: -51.3235
[TorchSnakeVecEnv] Reusing cached env on cuda

>>> [EPI Trial 0e892db4] Starting Fidelity: 60,000,000 steps
slurmstepd: error: *** JOB 899590 ON speed-43 CANCELLED AT 2026-04-16T13:50:46 DUE TO TIME LIMIT ***
